INFO - 2024-03-28 10:03:23 --> Session: Class initialized using 'CodeIgniter\Session\Handlers\FileHandler' driver.
INFO - 2024-03-28 10:03:24 --> Session: Class initialized using 'CodeIgniter\Session\Handlers\FileHandler' driver.
INFO - 2024-03-28 10:03:24 --> Session: Class initialized using 'CodeIgniter\Session\Handlers\FileHandler' driver.
INFO - 2024-03-28 10:03:29 --> Session: Class initialized using 'CodeIgniter\Session\Handlers\FileHandler' driver.
INFO - 2024-03-28 10:03:29 --> Session: Class initialized using 'CodeIgniter\Session\Handlers\FileHandler' driver.
INFO - 2024-03-28 10:03:33 --> Session: Class initialized using 'CodeIgniter\Session\Handlers\FileHandler' driver.
INFO - 2024-03-28 10:03:33 --> Session: Class initialized using 'CodeIgniter\Session\Handlers\FileHandler' driver.
INFO - 2024-03-28 10:03:36 --> Session: Class initialized using 'CodeIgniter\Session\Handlers\FileHandler' driver.
INFO - 2024-03-28 10:03:44 --> Session: Class initialized using 'CodeIgniter\Session\Handlers\FileHandler' driver.
INFO - 2024-03-28 10:03:50 --> Session: Class initialized using 'CodeIgniter\Session\Handlers\FileHandler' driver.
INFO - 2024-03-28 10:03:50 --> Session: Class initialized using 'CodeIgniter\Session\Handlers\FileHandler' driver.
INFO - 2024-03-28 10:03:53 --> Session: Class initialized using 'CodeIgniter\Session\Handlers\FileHandler' driver.
INFO - 2024-03-28 10:04:01 --> Session: Class initialized using 'CodeIgniter\Session\Handlers\FileHandler' driver.
INFO - 2024-03-28 10:04:01 --> Session: Class initialized using 'CodeIgniter\Session\Handlers\FileHandler' driver.
INFO - 2024-03-28 10:04:34 --> Session: Class initialized using 'CodeIgniter\Session\Handlers\FileHandler' driver.
INFO - 2024-03-28 10:04:36 --> Session: Class initialized using 'CodeIgniter\Session\Handlers\FileHandler' driver.
INFO - 2024-03-28 10:04:41 --> Session: Class initialized using 'CodeIgniter\Session\Handlers\FileHandler' driver.
INFO - 2024-03-28 10:04:42 --> Session: Class initialized using 'CodeIgniter\Session\Handlers\FileHandler' driver.
INFO - 2024-03-28 10:04:52 --> Session: Class initialized using 'CodeIgniter\Session\Handlers\FileHandler' driver.
INFO - 2024-03-28 10:05:02 --> Session: Class initialized using 'CodeIgniter\Session\Handlers\FileHandler' driver.
INFO - 2024-03-28 10:05:04 --> Session: Class initialized using 'CodeIgniter\Session\Handlers\FileHandler' driver.
INFO - 2024-03-28 10:05:08 --> Session: Class initialized using 'CodeIgniter\Session\Handlers\FileHandler' driver.
INFO - 2024-03-28 10:05:25 --> Session: Class initialized using 'CodeIgniter\Session\Handlers\FileHandler' driver.
INFO - 2024-03-28 10:05:29 --> Session: Class initialized using 'CodeIgniter\Session\Handlers\FileHandler' driver.
INFO - 2024-03-28 10:05:29 --> Session: Class initialized using 'CodeIgniter\Session\Handlers\FileHandler' driver.
INFO - 2024-03-28 10:05:39 --> Session: Class initialized using 'CodeIgniter\Session\Handlers\FileHandler' driver.
INFO - 2024-03-28 10:05:41 --> Session: Class initialized using 'CodeIgniter\Session\Handlers\FileHandler' driver.
INFO - 2024-03-28 10:05:49 --> Session: Class initialized using 'CodeIgniter\Session\Handlers\FileHandler' driver.
INFO - 2024-03-28 10:05:52 --> Session: Class initialized using 'CodeIgniter\Session\Handlers\FileHandler' driver.
INFO - 2024-03-28 10:06:01 --> Session: Class initialized using 'CodeIgniter\Session\Handlers\FileHandler' driver.
INFO - 2024-03-28 10:06:09 --> Session: Class initialized using 'CodeIgniter\Session\Handlers\FileHandler' driver.
INFO - 2024-03-28 10:06:21 --> Session: Class initialized using 'CodeIgniter\Session\Handlers\FileHandler' driver.
INFO - 2024-03-28 10:06:42 --> Session: Class initialized using 'CodeIgniter\Session\Handlers\FileHandler' driver.
INFO - 2024-03-28 10:06:45 --> Session: Class initialized using 'CodeIgniter\Session\Handlers\FileHandler' driver.
INFO - 2024-03-28 10:06:51 --> Session: Class initialized using 'CodeIgniter\Session\Handlers\FileHandler' driver.
INFO - 2024-03-28 10:06:59 --> Session: Class initialized using 'CodeIgniter\Session\Handlers\FileHandler' driver.
INFO - 2024-03-28 10:07:00 --> Session: Class initialized using 'CodeIgniter\Session\Handlers\FileHandler' driver.
INFO - 2024-03-28 10:07:03 --> Session: Class initialized using 'CodeIgniter\Session\Handlers\FileHandler' driver.
INFO - 2024-03-28 10:07:03 --> Session: Class initialized using 'CodeIgniter\Session\Handlers\FileHandler' driver.
INFO - 2024-03-28 10:07:08 --> Session: Class initialized using 'CodeIgniter\Session\Handlers\FileHandler' driver.
INFO - 2024-03-28 10:07:08 --> Session: Class initialized using 'CodeIgniter\Session\Handlers\FileHandler' driver.
INFO - 2024-03-28 10:07:10 --> Session: Class initialized using 'CodeIgniter\Session\Handlers\FileHandler' driver.
INFO - 2024-03-28 10:07:12 --> Session: Class initialized using 'CodeIgniter\Session\Handlers\FileHandler' driver.
INFO - 2024-03-28 10:07:40 --> Session: Class initialized using 'CodeIgniter\Session\Handlers\FileHandler' driver.
INFO - 2024-03-28 10:07:40 --> Session: Class initialized using 'CodeIgniter\Session\Handlers\FileHandler' driver.
INFO - 2024-03-28 10:07:44 --> Session: Class initialized using 'CodeIgniter\Session\Handlers\FileHandler' driver.
INFO - 2024-03-28 10:10:37 --> Session: Class initialized using 'CodeIgniter\Session\Handlers\FileHandler' driver.
INFO - 2024-03-28 10:10:42 --> Session: Class initialized using 'CodeIgniter\Session\Handlers\FileHandler' driver.
INFO - 2024-03-28 10:10:42 --> Session: Class initialized using 'CodeIgniter\Session\Handlers\FileHandler' driver.
INFO - 2024-03-28 10:10:48 --> Session: Class initialized using 'CodeIgniter\Session\Handlers\FileHandler' driver.
INFO - 2024-03-28 10:10:51 --> Session: Class initialized using 'CodeIgniter\Session\Handlers\FileHandler' driver.
INFO - 2024-03-28 10:10:52 --> Session: Class initialized using 'CodeIgniter\Session\Handlers\FileHandler' driver.
INFO - 2024-03-28 10:10:57 --> Session: Class initialized using 'CodeIgniter\Session\Handlers\FileHandler' driver.
INFO - 2024-03-28 10:10:59 --> Session: Class initialized using 'CodeIgniter\Session\Handlers\FileHandler' driver.
INFO - 2024-03-28 10:11:25 --> Session: Class initialized using 'CodeIgniter\Session\Handlers\FileHandler' driver.
INFO - 2024-03-28 10:11:28 --> Session: Class initialized using 'CodeIgniter\Session\Handlers\FileHandler' driver.
INFO - 2024-03-28 10:11:41 --> Session: Class initialized using 'CodeIgniter\Session\Handlers\FileHandler' driver.
INFO - 2024-03-28 10:11:44 --> Session: Class initialized using 'CodeIgniter\Session\Handlers\FileHandler' driver.
INFO - 2024-03-28 10:11:46 --> Session: Class initialized using 'CodeIgniter\Session\Handlers\FileHandler' driver.
CRITICAL - 2024-03-28 15:41:46 --> Undefined array key 1
in APPPATH/Views/app/app_edit.php on line 1384.
 1 APPPATH/Views/app/app_edit.php(1384): CodeIgniter\Debug\Exceptions->errorHandler(2, 'Undefined array key 1', '/home/syphnosys/public_html/appmaster/app/Views/app/app_edit.php', 1384)
 2 SYSTEMPATH/View/View.php(228): include('/home/syphnosys/public_html/appmaster/app/Views/app/app_edit.php')
 3 SYSTEMPATH/View/View.php(231): CodeIgniter\View\View->CodeIgniter\View\{closure}()
 4 SYSTEMPATH/Common.php(1190): CodeIgniter\View\View->render('app/app_edit', [], true)
 5 APPPATH/Controllers/App.php(644): view('app/app_edit', [...])
 6 SYSTEMPATH/CodeIgniter.php(942): App\Controllers\App->appEdit('1')
 7 SYSTEMPATH/CodeIgniter.php(502): CodeIgniter\CodeIgniter->runController(Object(App\Controllers\App))
 8 SYSTEMPATH/CodeIgniter.php(361): CodeIgniter\CodeIgniter->handleRequest(null, Object(Config\Cache), false)
 9 FCPATH/index.php(79): CodeIgniter\CodeIgniter->run()
INFO - 2024-03-28 10:11:52 --> Session: Class initialized using 'CodeIgniter\Session\Handlers\FileHandler' driver.
INFO - 2024-03-28 10:12:05 --> Session: Class initialized using 'CodeIgniter\Session\Handlers\FileHandler' driver.
INFO - 2024-03-28 10:12:07 --> Session: Class initialized using 'CodeIgniter\Session\Handlers\FileHandler' driver.
CRITICAL - 2024-03-28 15:42:07 --> Undefined array key 1
in APPPATH/Views/app/app_edit.php on line 1384.
 1 APPPATH/Views/app/app_edit.php(1384): CodeIgniter\Debug\Exceptions->errorHandler(2, 'Undefined array key 1', '/home/syphnosys/public_html/appmaster/app/Views/app/app_edit.php', 1384)
 2 SYSTEMPATH/View/View.php(228): include('/home/syphnosys/public_html/appmaster/app/Views/app/app_edit.php')
 3 SYSTEMPATH/View/View.php(231): CodeIgniter\View\View->CodeIgniter\View\{closure}()
 4 SYSTEMPATH/Common.php(1190): CodeIgniter\View\View->render('app/app_edit', [], true)
 5 APPPATH/Controllers/App.php(644): view('app/app_edit', [...])
 6 SYSTEMPATH/CodeIgniter.php(942): App\Controllers\App->appEdit('1')
 7 SYSTEMPATH/CodeIgniter.php(502): CodeIgniter\CodeIgniter->runController(Object(App\Controllers\App))
 8 SYSTEMPATH/CodeIgniter.php(361): CodeIgniter\CodeIgniter->handleRequest(null, Object(Config\Cache), false)
 9 FCPATH/index.php(79): CodeIgniter\CodeIgniter->run()
INFO - 2024-03-28 10:12:28 --> Session: Class initialized using 'CodeIgniter\Session\Handlers\FileHandler' driver.
INFO - 2024-03-28 10:12:32 --> Session: Class initialized using 'CodeIgniter\Session\Handlers\FileHandler' driver.
INFO - 2024-03-28 10:12:32 --> Session: Class initialized using 'CodeIgniter\Session\Handlers\FileHandler' driver.
INFO - 2024-03-28 10:12:35 --> Session: Class initialized using 'CodeIgniter\Session\Handlers\FileHandler' driver.
INFO - 2024-03-28 10:13:05 --> Session: Class initialized using 'CodeIgniter\Session\Handlers\FileHandler' driver.
INFO - 2024-03-28 10:13:09 --> Session: Class initialized using 'CodeIgniter\Session\Handlers\FileHandler' driver.
INFO - 2024-03-28 10:13:16 --> Session: Class initialized using 'CodeIgniter\Session\Handlers\FileHandler' driver.
INFO - 2024-03-28 10:13:31 --> Session: Class initialized using 'CodeIgniter\Session\Handlers\FileHandler' driver.
CRITICAL - 2024-03-28 15:43:31 --> Undefined array key 1
in APPPATH/Views/app/app_edit.php on line 232.
 1 APPPATH/Views/app/app_edit.php(232): CodeIgniter\Debug\Exceptions->errorHandler(2, 'Undefined array key 1', '/home/syphnosys/public_html/appmaster/app/Views/app/app_edit.php', 232)
 2 SYSTEMPATH/View/View.php(228): include('/home/syphnosys/public_html/appmaster/app/Views/app/app_edit.php')
 3 SYSTEMPATH/View/View.php(231): CodeIgniter\View\View->CodeIgniter\View\{closure}()
 4 SYSTEMPATH/Common.php(1190): CodeIgniter\View\View->render('app/app_edit', [], true)
 5 APPPATH/Controllers/App.php(644): view('app/app_edit', [...])
 6 SYSTEMPATH/CodeIgniter.php(942): App\Controllers\App->appEdit('1')
 7 SYSTEMPATH/CodeIgniter.php(502): CodeIgniter\CodeIgniter->runController(Object(App\Controllers\App))
 8 SYSTEMPATH/CodeIgniter.php(361): CodeIgniter\CodeIgniter->handleRequest(null, Object(Config\Cache), false)
 9 FCPATH/index.php(79): CodeIgniter\CodeIgniter->run()
INFO - 2024-03-28 10:13:36 --> Session: Class initialized using 'CodeIgniter\Session\Handlers\FileHandler' driver.
INFO - 2024-03-28 10:15:01 --> Session: Class initialized using 'CodeIgniter\Session\Handlers\FileHandler' driver.
CRITICAL - 2024-03-28 15:45:01 --> Undefined array key 1
in APPPATH/Views/app/app_edit.php on line 233.
 1 APPPATH/Views/app/app_edit.php(233): CodeIgniter\Debug\Exceptions->errorHandler(2, 'Undefined array key 1', '/home/syphnosys/public_html/appmaster/app/Views/app/app_edit.php', 233)
 2 SYSTEMPATH/View/View.php(228): include('/home/syphnosys/public_html/appmaster/app/Views/app/app_edit.php')
 3 SYSTEMPATH/View/View.php(231): CodeIgniter\View\View->CodeIgniter\View\{closure}()
 4 SYSTEMPATH/Common.php(1190): CodeIgniter\View\View->render('app/app_edit', [], true)
 5 APPPATH/Controllers/App.php(644): view('app/app_edit', [...])
 6 SYSTEMPATH/CodeIgniter.php(942): App\Controllers\App->appEdit('1')
 7 SYSTEMPATH/CodeIgniter.php(502): CodeIgniter\CodeIgniter->runController(Object(App\Controllers\App))
 8 SYSTEMPATH/CodeIgniter.php(361): CodeIgniter\CodeIgniter->handleRequest(null, Object(Config\Cache), false)
 9 FCPATH/index.php(79): CodeIgniter\CodeIgniter->run()
INFO - 2024-03-28 10:15:07 --> Session: Class initialized using 'CodeIgniter\Session\Handlers\FileHandler' driver.
CRITICAL - 2024-03-28 15:45:07 --> Undefined array key 1
in APPPATH/Views/app/app_edit.php on line 233.
 1 APPPATH/Views/app/app_edit.php(233): CodeIgniter\Debug\Exceptions->errorHandler(2, 'Undefined array key 1', '/home/syphnosys/public_html/appmaster/app/Views/app/app_edit.php', 233)
 2 SYSTEMPATH/View/View.php(228): include('/home/syphnosys/public_html/appmaster/app/Views/app/app_edit.php')
 3 SYSTEMPATH/View/View.php(231): CodeIgniter\View\View->CodeIgniter\View\{closure}()
 4 SYSTEMPATH/Common.php(1190): CodeIgniter\View\View->render('app/app_edit', [], true)
 5 APPPATH/Controllers/App.php(644): view('app/app_edit', [...])
 6 SYSTEMPATH/CodeIgniter.php(942): App\Controllers\App->appEdit('1')
 7 SYSTEMPATH/CodeIgniter.php(502): CodeIgniter\CodeIgniter->runController(Object(App\Controllers\App))
 8 SYSTEMPATH/CodeIgniter.php(361): CodeIgniter\CodeIgniter->handleRequest(null, Object(Config\Cache), false)
 9 FCPATH/index.php(79): CodeIgniter\CodeIgniter->run()
INFO - 2024-03-28 10:15:11 --> Session: Class initialized using 'CodeIgniter\Session\Handlers\FileHandler' driver.
CRITICAL - 2024-03-28 15:45:11 --> Undefined array key 1
in APPPATH/Views/app/app_edit.php on line 232.
 1 APPPATH/Views/app/app_edit.php(232): CodeIgniter\Debug\Exceptions->errorHandler(2, 'Undefined array key 1', '/home/syphnosys/public_html/appmaster/app/Views/app/app_edit.php', 232)
 2 SYSTEMPATH/View/View.php(228): include('/home/syphnosys/public_html/appmaster/app/Views/app/app_edit.php')
 3 SYSTEMPATH/View/View.php(231): CodeIgniter\View\View->CodeIgniter\View\{closure}()
 4 SYSTEMPATH/Common.php(1190): CodeIgniter\View\View->render('app/app_edit', [], true)
 5 APPPATH/Controllers/App.php(644): view('app/app_edit', [...])
 6 SYSTEMPATH/CodeIgniter.php(942): App\Controllers\App->appEdit('1')
 7 SYSTEMPATH/CodeIgniter.php(502): CodeIgniter\CodeIgniter->runController(Object(App\Controllers\App))
 8 SYSTEMPATH/CodeIgniter.php(361): CodeIgniter\CodeIgniter->handleRequest(null, Object(Config\Cache), false)
 9 FCPATH/index.php(79): CodeIgniter\CodeIgniter->run()
INFO - 2024-03-28 10:15:12 --> Session: Class initialized using 'CodeIgniter\Session\Handlers\FileHandler' driver.
CRITICAL - 2024-03-28 15:45:12 --> Undefined array key 1
in APPPATH/Views/app/app_edit.php on line 231.
 1 APPPATH/Views/app/app_edit.php(231): CodeIgniter\Debug\Exceptions->errorHandler(2, 'Undefined array key 1', '/home/syphnosys/public_html/appmaster/app/Views/app/app_edit.php', 231)
 2 SYSTEMPATH/View/View.php(228): include('/home/syphnosys/public_html/appmaster/app/Views/app/app_edit.php')
 3 SYSTEMPATH/View/View.php(231): CodeIgniter\View\View->CodeIgniter\View\{closure}()
 4 SYSTEMPATH/Common.php(1190): CodeIgniter\View\View->render('app/app_edit', [], true)
 5 APPPATH/Controllers/App.php(644): view('app/app_edit', [...])
 6 SYSTEMPATH/CodeIgniter.php(942): App\Controllers\App->appEdit('1')
 7 SYSTEMPATH/CodeIgniter.php(502): CodeIgniter\CodeIgniter->runController(Object(App\Controllers\App))
 8 SYSTEMPATH/CodeIgniter.php(361): CodeIgniter\CodeIgniter->handleRequest(null, Object(Config\Cache), false)
 9 FCPATH/index.php(79): CodeIgniter\CodeIgniter->run()
INFO - 2024-03-28 10:15:17 --> Session: Class initialized using 'CodeIgniter\Session\Handlers\FileHandler' driver.
CRITICAL - 2024-03-28 15:45:17 --> Undefined array key 1
in APPPATH/Views/app/app_edit.php on line 232.
 1 APPPATH/Views/app/app_edit.php(232): CodeIgniter\Debug\Exceptions->errorHandler(2, 'Undefined array key 1', '/home/syphnosys/public_html/appmaster/app/Views/app/app_edit.php', 232)
 2 SYSTEMPATH/View/View.php(228): include('/home/syphnosys/public_html/appmaster/app/Views/app/app_edit.php')
 3 SYSTEMPATH/View/View.php(231): CodeIgniter\View\View->CodeIgniter\View\{closure}()
 4 SYSTEMPATH/Common.php(1190): CodeIgniter\View\View->render('app/app_edit', [], true)
 5 APPPATH/Controllers/App.php(644): view('app/app_edit', [...])
 6 SYSTEMPATH/CodeIgniter.php(942): App\Controllers\App->appEdit('1')
 7 SYSTEMPATH/CodeIgniter.php(502): CodeIgniter\CodeIgniter->runController(Object(App\Controllers\App))
 8 SYSTEMPATH/CodeIgniter.php(361): CodeIgniter\CodeIgniter->handleRequest(null, Object(Config\Cache), false)
 9 FCPATH/index.php(79): CodeIgniter\CodeIgniter->run()
INFO - 2024-03-28 10:16:52 --> Session: Class initialized using 'CodeIgniter\Session\Handlers\FileHandler' driver.
CRITICAL - 2024-03-28 15:46:52 --> Undefined array key 1
in APPPATH/Views/app/app_edit.php on line 232.
 1 APPPATH/Views/app/app_edit.php(232): CodeIgniter\Debug\Exceptions->errorHandler(2, 'Undefined array key 1', '/home/syphnosys/public_html/appmaster/app/Views/app/app_edit.php', 232)
 2 SYSTEMPATH/View/View.php(228): include('/home/syphnosys/public_html/appmaster/app/Views/app/app_edit.php')
 3 SYSTEMPATH/View/View.php(231): CodeIgniter\View\View->CodeIgniter\View\{closure}()
 4 SYSTEMPATH/Common.php(1190): CodeIgniter\View\View->render('app/app_edit', [], true)
 5 APPPATH/Controllers/App.php(644): view('app/app_edit', [...])
 6 SYSTEMPATH/CodeIgniter.php(942): App\Controllers\App->appEdit('1')
 7 SYSTEMPATH/CodeIgniter.php(502): CodeIgniter\CodeIgniter->runController(Object(App\Controllers\App))
 8 SYSTEMPATH/CodeIgniter.php(361): CodeIgniter\CodeIgniter->handleRequest(null, Object(Config\Cache), false)
 9 FCPATH/index.php(79): CodeIgniter\CodeIgniter->run()
INFO - 2024-03-28 10:16:53 --> Session: Class initialized using 'CodeIgniter\Session\Handlers\FileHandler' driver.
CRITICAL - 2024-03-28 15:46:53 --> Undefined array key 1
in APPPATH/Views/app/app_edit.php on line 238.
 1 APPPATH/Views/app/app_edit.php(238): CodeIgniter\Debug\Exceptions->errorHandler(2, 'Undefined array key 1', '/home/syphnosys/public_html/appmaster/app/Views/app/app_edit.php', 238)
 2 SYSTEMPATH/View/View.php(228): include('/home/syphnosys/public_html/appmaster/app/Views/app/app_edit.php')
 3 SYSTEMPATH/View/View.php(231): CodeIgniter\View\View->CodeIgniter\View\{closure}()
 4 SYSTEMPATH/Common.php(1190): CodeIgniter\View\View->render('app/app_edit', [], true)
 5 APPPATH/Controllers/App.php(644): view('app/app_edit', [...])
 6 SYSTEMPATH/CodeIgniter.php(942): App\Controllers\App->appEdit('1')
 7 SYSTEMPATH/CodeIgniter.php(502): CodeIgniter\CodeIgniter->runController(Object(App\Controllers\App))
 8 SYSTEMPATH/CodeIgniter.php(361): CodeIgniter\CodeIgniter->handleRequest(null, Object(Config\Cache), false)
 9 FCPATH/index.php(79): CodeIgniter\CodeIgniter->run()
INFO - 2024-03-28 10:16:53 --> Session: Class initialized using 'CodeIgniter\Session\Handlers\FileHandler' driver.
CRITICAL - 2024-03-28 15:46:53 --> Undefined array key 1
in APPPATH/Views/app/app_edit.php on line 238.
 1 APPPATH/Views/app/app_edit.php(238): CodeIgniter\Debug\Exceptions->errorHandler(2, 'Undefined array key 1', '/home/syphnosys/public_html/appmaster/app/Views/app/app_edit.php', 238)
 2 SYSTEMPATH/View/View.php(228): include('/home/syphnosys/public_html/appmaster/app/Views/app/app_edit.php')
 3 SYSTEMPATH/View/View.php(231): CodeIgniter\View\View->CodeIgniter\View\{closure}()
 4 SYSTEMPATH/Common.php(1190): CodeIgniter\View\View->render('app/app_edit', [], true)
 5 APPPATH/Controllers/App.php(644): view('app/app_edit', [...])
 6 SYSTEMPATH/CodeIgniter.php(942): App\Controllers\App->appEdit('1')
 7 SYSTEMPATH/CodeIgniter.php(502): CodeIgniter\CodeIgniter->runController(Object(App\Controllers\App))
 8 SYSTEMPATH/CodeIgniter.php(361): CodeIgniter\CodeIgniter->handleRequest(null, Object(Config\Cache), false)
 9 FCPATH/index.php(79): CodeIgniter\CodeIgniter->run()
INFO - 2024-03-28 10:16:54 --> Session: Class initialized using 'CodeIgniter\Session\Handlers\FileHandler' driver.
CRITICAL - 2024-03-28 15:46:54 --> Undefined array key 1
in APPPATH/Views/app/app_edit.php on line 238.
 1 APPPATH/Views/app/app_edit.php(238): CodeIgniter\Debug\Exceptions->errorHandler(2, 'Undefined array key 1', '/home/syphnosys/public_html/appmaster/app/Views/app/app_edit.php', 238)
 2 SYSTEMPATH/View/View.php(228): include('/home/syphnosys/public_html/appmaster/app/Views/app/app_edit.php')
 3 SYSTEMPATH/View/View.php(231): CodeIgniter\View\View->CodeIgniter\View\{closure}()
 4 SYSTEMPATH/Common.php(1190): CodeIgniter\View\View->render('app/app_edit', [], true)
 5 APPPATH/Controllers/App.php(644): view('app/app_edit', [...])
 6 SYSTEMPATH/CodeIgniter.php(942): App\Controllers\App->appEdit('1')
 7 SYSTEMPATH/CodeIgniter.php(502): CodeIgniter\CodeIgniter->runController(Object(App\Controllers\App))
 8 SYSTEMPATH/CodeIgniter.php(361): CodeIgniter\CodeIgniter->handleRequest(null, Object(Config\Cache), false)
 9 FCPATH/index.php(79): CodeIgniter\CodeIgniter->run()
INFO - 2024-03-28 10:17:37 --> Session: Class initialized using 'CodeIgniter\Session\Handlers\FileHandler' driver.
CRITICAL - 2024-03-28 15:47:37 --> Undefined array key 1
in APPPATH/Views/app/app_edit.php on line 244.
 1 APPPATH/Views/app/app_edit.php(244): CodeIgniter\Debug\Exceptions->errorHandler(2, 'Undefined array key 1', '/home/syphnosys/public_html/appmaster/app/Views/app/app_edit.php', 244)
 2 SYSTEMPATH/View/View.php(228): include('/home/syphnosys/public_html/appmaster/app/Views/app/app_edit.php')
 3 SYSTEMPATH/View/View.php(231): CodeIgniter\View\View->CodeIgniter\View\{closure}()
 4 SYSTEMPATH/Common.php(1190): CodeIgniter\View\View->render('app/app_edit', [], true)
 5 APPPATH/Controllers/App.php(644): view('app/app_edit', [...])
 6 SYSTEMPATH/CodeIgniter.php(942): App\Controllers\App->appEdit('1')
 7 SYSTEMPATH/CodeIgniter.php(502): CodeIgniter\CodeIgniter->runController(Object(App\Controllers\App))
 8 SYSTEMPATH/CodeIgniter.php(361): CodeIgniter\CodeIgniter->handleRequest(null, Object(Config\Cache), false)
 9 FCPATH/index.php(79): CodeIgniter\CodeIgniter->run()
INFO - 2024-03-28 10:17:38 --> Session: Class initialized using 'CodeIgniter\Session\Handlers\FileHandler' driver.
CRITICAL - 2024-03-28 15:47:39 --> Undefined array key 1
in APPPATH/Views/app/app_edit.php on line 244.
 1 APPPATH/Views/app/app_edit.php(244): CodeIgniter\Debug\Exceptions->errorHandler(2, 'Undefined array key 1', '/home/syphnosys/public_html/appmaster/app/Views/app/app_edit.php', 244)
 2 SYSTEMPATH/View/View.php(228): include('/home/syphnosys/public_html/appmaster/app/Views/app/app_edit.php')
 3 SYSTEMPATH/View/View.php(231): CodeIgniter\View\View->CodeIgniter\View\{closure}()
 4 SYSTEMPATH/Common.php(1190): CodeIgniter\View\View->render('app/app_edit', [], true)
 5 APPPATH/Controllers/App.php(644): view('app/app_edit', [...])
 6 SYSTEMPATH/CodeIgniter.php(942): App\Controllers\App->appEdit('1')
 7 SYSTEMPATH/CodeIgniter.php(502): CodeIgniter\CodeIgniter->runController(Object(App\Controllers\App))
 8 SYSTEMPATH/CodeIgniter.php(361): CodeIgniter\CodeIgniter->handleRequest(null, Object(Config\Cache), false)
 9 FCPATH/index.php(79): CodeIgniter\CodeIgniter->run()
INFO - 2024-03-28 10:17:39 --> Session: Class initialized using 'CodeIgniter\Session\Handlers\FileHandler' driver.
CRITICAL - 2024-03-28 15:47:39 --> Undefined array key 1
in APPPATH/Views/app/app_edit.php on line 244.
 1 APPPATH/Views/app/app_edit.php(244): CodeIgniter\Debug\Exceptions->errorHandler(2, 'Undefined array key 1', '/home/syphnosys/public_html/appmaster/app/Views/app/app_edit.php', 244)
 2 SYSTEMPATH/View/View.php(228): include('/home/syphnosys/public_html/appmaster/app/Views/app/app_edit.php')
 3 SYSTEMPATH/View/View.php(231): CodeIgniter\View\View->CodeIgniter\View\{closure}()
 4 SYSTEMPATH/Common.php(1190): CodeIgniter\View\View->render('app/app_edit', [], true)
 5 APPPATH/Controllers/App.php(644): view('app/app_edit', [...])
 6 SYSTEMPATH/CodeIgniter.php(942): App\Controllers\App->appEdit('1')
 7 SYSTEMPATH/CodeIgniter.php(502): CodeIgniter\CodeIgniter->runController(Object(App\Controllers\App))
 8 SYSTEMPATH/CodeIgniter.php(361): CodeIgniter\CodeIgniter->handleRequest(null, Object(Config\Cache), false)
 9 FCPATH/index.php(79): CodeIgniter\CodeIgniter->run()
INFO - 2024-03-28 10:17:39 --> Session: Class initialized using 'CodeIgniter\Session\Handlers\FileHandler' driver.
CRITICAL - 2024-03-28 15:47:39 --> Undefined array key 1
in APPPATH/Views/app/app_edit.php on line 244.
 1 APPPATH/Views/app/app_edit.php(244): CodeIgniter\Debug\Exceptions->errorHandler(2, 'Undefined array key 1', '/home/syphnosys/public_html/appmaster/app/Views/app/app_edit.php', 244)
 2 SYSTEMPATH/View/View.php(228): include('/home/syphnosys/public_html/appmaster/app/Views/app/app_edit.php')
 3 SYSTEMPATH/View/View.php(231): CodeIgniter\View\View->CodeIgniter\View\{closure}()
 4 SYSTEMPATH/Common.php(1190): CodeIgniter\View\View->render('app/app_edit', [], true)
 5 APPPATH/Controllers/App.php(644): view('app/app_edit', [...])
 6 SYSTEMPATH/CodeIgniter.php(942): App\Controllers\App->appEdit('1')
 7 SYSTEMPATH/CodeIgniter.php(502): CodeIgniter\CodeIgniter->runController(Object(App\Controllers\App))
 8 SYSTEMPATH/CodeIgniter.php(361): CodeIgniter\CodeIgniter->handleRequest(null, Object(Config\Cache), false)
 9 FCPATH/index.php(79): CodeIgniter\CodeIgniter->run()
INFO - 2024-03-28 10:18:07 --> Session: Class initialized using 'CodeIgniter\Session\Handlers\FileHandler' driver.
CRITICAL - 2024-03-28 15:48:07 --> Undefined array key 1
in APPPATH/Views/app/app_edit.php on line 232.
 1 APPPATH/Views/app/app_edit.php(232): CodeIgniter\Debug\Exceptions->errorHandler(2, 'Undefined array key 1', '/home/syphnosys/public_html/appmaster/app/Views/app/app_edit.php', 232)
 2 SYSTEMPATH/View/View.php(228): include('/home/syphnosys/public_html/appmaster/app/Views/app/app_edit.php')
 3 SYSTEMPATH/View/View.php(231): CodeIgniter\View\View->CodeIgniter\View\{closure}()
 4 SYSTEMPATH/Common.php(1190): CodeIgniter\View\View->render('app/app_edit', [], true)
 5 APPPATH/Controllers/App.php(644): view('app/app_edit', [...])
 6 SYSTEMPATH/CodeIgniter.php(942): App\Controllers\App->appEdit('1')
 7 SYSTEMPATH/CodeIgniter.php(502): CodeIgniter\CodeIgniter->runController(Object(App\Controllers\App))
 8 SYSTEMPATH/CodeIgniter.php(361): CodeIgniter\CodeIgniter->handleRequest(null, Object(Config\Cache), false)
 9 FCPATH/index.php(79): CodeIgniter\CodeIgniter->run()
INFO - 2024-03-28 10:19:07 --> Session: Class initialized using 'CodeIgniter\Session\Handlers\FileHandler' driver.
CRITICAL - 2024-03-28 15:49:07 --> Undefined array key 2
in APPPATH/Views/app/app_edit.php on line 241.
 1 APPPATH/Views/app/app_edit.php(241): CodeIgniter\Debug\Exceptions->errorHandler(2, 'Undefined array key 2', '/home/syphnosys/public_html/appmaster/app/Views/app/app_edit.php', 241)
 2 SYSTEMPATH/View/View.php(228): include('/home/syphnosys/public_html/appmaster/app/Views/app/app_edit.php')
 3 SYSTEMPATH/View/View.php(231): CodeIgniter\View\View->CodeIgniter\View\{closure}()
 4 SYSTEMPATH/Common.php(1190): CodeIgniter\View\View->render('app/app_edit', [], true)
 5 APPPATH/Controllers/App.php(644): view('app/app_edit', [...])
 6 SYSTEMPATH/CodeIgniter.php(942): App\Controllers\App->appEdit('1')
 7 SYSTEMPATH/CodeIgniter.php(502): CodeIgniter\CodeIgniter->runController(Object(App\Controllers\App))
 8 SYSTEMPATH/CodeIgniter.php(361): CodeIgniter\CodeIgniter->handleRequest(null, Object(Config\Cache), false)
 9 FCPATH/index.php(79): CodeIgniter\CodeIgniter->run()
INFO - 2024-03-28 10:19:11 --> Session: Class initialized using 'CodeIgniter\Session\Handlers\FileHandler' driver.
CRITICAL - 2024-03-28 15:49:11 --> Undefined array key 2
in APPPATH/Views/app/app_edit.php on line 241.
 1 APPPATH/Views/app/app_edit.php(241): CodeIgniter\Debug\Exceptions->errorHandler(2, 'Undefined array key 2', '/home/syphnosys/public_html/appmaster/app/Views/app/app_edit.php', 241)
 2 SYSTEMPATH/View/View.php(228): include('/home/syphnosys/public_html/appmaster/app/Views/app/app_edit.php')
 3 SYSTEMPATH/View/View.php(231): CodeIgniter\View\View->CodeIgniter\View\{closure}()
 4 SYSTEMPATH/Common.php(1190): CodeIgniter\View\View->render('app/app_edit', [], true)
 5 APPPATH/Controllers/App.php(644): view('app/app_edit', [...])
 6 SYSTEMPATH/CodeIgniter.php(942): App\Controllers\App->appEdit('1')
 7 SYSTEMPATH/CodeIgniter.php(502): CodeIgniter\CodeIgniter->runController(Object(App\Controllers\App))
 8 SYSTEMPATH/CodeIgniter.php(361): CodeIgniter\CodeIgniter->handleRequest(null, Object(Config\Cache), false)
 9 FCPATH/index.php(79): CodeIgniter\CodeIgniter->run()
INFO - 2024-03-28 10:20:41 --> Session: Class initialized using 'CodeIgniter\Session\Handlers\FileHandler' driver.
CRITICAL - 2024-03-28 15:50:41 --> Undefined array key 2
in APPPATH/Views/app/app_edit.php on line 241.
 1 APPPATH/Views/app/app_edit.php(241): CodeIgniter\Debug\Exceptions->errorHandler(2, 'Undefined array key 2', '/home/syphnosys/public_html/appmaster/app/Views/app/app_edit.php', 241)
 2 SYSTEMPATH/View/View.php(228): include('/home/syphnosys/public_html/appmaster/app/Views/app/app_edit.php')
 3 SYSTEMPATH/View/View.php(231): CodeIgniter\View\View->CodeIgniter\View\{closure}()
 4 SYSTEMPATH/Common.php(1190): CodeIgniter\View\View->render('app/app_edit', [], true)
 5 APPPATH/Controllers/App.php(644): view('app/app_edit', [...])
 6 SYSTEMPATH/CodeIgniter.php(942): App\Controllers\App->appEdit('1')
 7 SYSTEMPATH/CodeIgniter.php(502): CodeIgniter\CodeIgniter->runController(Object(App\Controllers\App))
 8 SYSTEMPATH/CodeIgniter.php(361): CodeIgniter\CodeIgniter->handleRequest(null, Object(Config\Cache), false)
 9 FCPATH/index.php(79): CodeIgniter\CodeIgniter->run()
INFO - 2024-03-28 10:20:43 --> Session: Class initialized using 'CodeIgniter\Session\Handlers\FileHandler' driver.
CRITICAL - 2024-03-28 15:50:43 --> Undefined array key 3
in APPPATH/Views/app/app_edit.php on line 254.
 1 APPPATH/Views/app/app_edit.php(254): CodeIgniter\Debug\Exceptions->errorHandler(2, 'Undefined array key 3', '/home/syphnosys/public_html/appmaster/app/Views/app/app_edit.php', 254)
 2 SYSTEMPATH/View/View.php(228): include('/home/syphnosys/public_html/appmaster/app/Views/app/app_edit.php')
 3 SYSTEMPATH/View/View.php(231): CodeIgniter\View\View->CodeIgniter\View\{closure}()
 4 SYSTEMPATH/Common.php(1190): CodeIgniter\View\View->render('app/app_edit', [], true)
 5 APPPATH/Controllers/App.php(644): view('app/app_edit', [...])
 6 SYSTEMPATH/CodeIgniter.php(942): App\Controllers\App->appEdit('1')
 7 SYSTEMPATH/CodeIgniter.php(502): CodeIgniter\CodeIgniter->runController(Object(App\Controllers\App))
 8 SYSTEMPATH/CodeIgniter.php(361): CodeIgniter\CodeIgniter->handleRequest(null, Object(Config\Cache), false)
 9 FCPATH/index.php(79): CodeIgniter\CodeIgniter->run()
INFO - 2024-03-28 10:20:44 --> Session: Class initialized using 'CodeIgniter\Session\Handlers\FileHandler' driver.
CRITICAL - 2024-03-28 15:50:45 --> Undefined array key 3
in APPPATH/Views/app/app_edit.php on line 254.
 1 APPPATH/Views/app/app_edit.php(254): CodeIgniter\Debug\Exceptions->errorHandler(2, 'Undefined array key 3', '/home/syphnosys/public_html/appmaster/app/Views/app/app_edit.php', 254)
 2 SYSTEMPATH/View/View.php(228): include('/home/syphnosys/public_html/appmaster/app/Views/app/app_edit.php')
 3 SYSTEMPATH/View/View.php(231): CodeIgniter\View\View->CodeIgniter\View\{closure}()
 4 SYSTEMPATH/Common.php(1190): CodeIgniter\View\View->render('app/app_edit', [], true)
 5 APPPATH/Controllers/App.php(644): view('app/app_edit', [...])
 6 SYSTEMPATH/CodeIgniter.php(942): App\Controllers\App->appEdit('1')
 7 SYSTEMPATH/CodeIgniter.php(502): CodeIgniter\CodeIgniter->runController(Object(App\Controllers\App))
 8 SYSTEMPATH/CodeIgniter.php(361): CodeIgniter\CodeIgniter->handleRequest(null, Object(Config\Cache), false)
 9 FCPATH/index.php(79): CodeIgniter\CodeIgniter->run()
INFO - 2024-03-28 10:20:48 --> Session: Class initialized using 'CodeIgniter\Session\Handlers\FileHandler' driver.
CRITICAL - 2024-03-28 15:50:48 --> Undefined array key 3
in APPPATH/Views/app/app_edit.php on line 254.
 1 APPPATH/Views/app/app_edit.php(254): CodeIgniter\Debug\Exceptions->errorHandler(2, 'Undefined array key 3', '/home/syphnosys/public_html/appmaster/app/Views/app/app_edit.php', 254)
 2 SYSTEMPATH/View/View.php(228): include('/home/syphnosys/public_html/appmaster/app/Views/app/app_edit.php')
 3 SYSTEMPATH/View/View.php(231): CodeIgniter\View\View->CodeIgniter\View\{closure}()
 4 SYSTEMPATH/Common.php(1190): CodeIgniter\View\View->render('app/app_edit', [], true)
 5 APPPATH/Controllers/App.php(644): view('app/app_edit', [...])
 6 SYSTEMPATH/CodeIgniter.php(942): App\Controllers\App->appEdit('1')
 7 SYSTEMPATH/CodeIgniter.php(502): CodeIgniter\CodeIgniter->runController(Object(App\Controllers\App))
 8 SYSTEMPATH/CodeIgniter.php(361): CodeIgniter\CodeIgniter->handleRequest(null, Object(Config\Cache), false)
 9 FCPATH/index.php(79): CodeIgniter\CodeIgniter->run()
INFO - 2024-03-28 10:21:20 --> Session: Class initialized using 'CodeIgniter\Session\Handlers\FileHandler' driver.
CRITICAL - 2024-03-28 15:51:20 --> Undefined array key 4
in APPPATH/Views/app/app_edit.php on line 270.
 1 APPPATH/Views/app/app_edit.php(270): CodeIgniter\Debug\Exceptions->errorHandler(2, 'Undefined array key 4', '/home/syphnosys/public_html/appmaster/app/Views/app/app_edit.php', 270)
 2 SYSTEMPATH/View/View.php(228): include('/home/syphnosys/public_html/appmaster/app/Views/app/app_edit.php')
 3 SYSTEMPATH/View/View.php(231): CodeIgniter\View\View->CodeIgniter\View\{closure}()
 4 SYSTEMPATH/Common.php(1190): CodeIgniter\View\View->render('app/app_edit', [], true)
 5 APPPATH/Controllers/App.php(644): view('app/app_edit', [...])
 6 SYSTEMPATH/CodeIgniter.php(942): App\Controllers\App->appEdit('1')
 7 SYSTEMPATH/CodeIgniter.php(502): CodeIgniter\CodeIgniter->runController(Object(App\Controllers\App))
 8 SYSTEMPATH/CodeIgniter.php(361): CodeIgniter\CodeIgniter->handleRequest(null, Object(Config\Cache), false)
 9 FCPATH/index.php(79): CodeIgniter\CodeIgniter->run()
INFO - 2024-03-28 10:21:23 --> Session: Class initialized using 'CodeIgniter\Session\Handlers\FileHandler' driver.
CRITICAL - 2024-03-28 15:51:23 --> Undefined array key 4
in APPPATH/Views/app/app_edit.php on line 270.
 1 APPPATH/Views/app/app_edit.php(270): CodeIgniter\Debug\Exceptions->errorHandler(2, 'Undefined array key 4', '/home/syphnosys/public_html/appmaster/app/Views/app/app_edit.php', 270)
 2 SYSTEMPATH/View/View.php(228): include('/home/syphnosys/public_html/appmaster/app/Views/app/app_edit.php')
 3 SYSTEMPATH/View/View.php(231): CodeIgniter\View\View->CodeIgniter\View\{closure}()
 4 SYSTEMPATH/Common.php(1190): CodeIgniter\View\View->render('app/app_edit', [], true)
 5 APPPATH/Controllers/App.php(644): view('app/app_edit', [...])
 6 SYSTEMPATH/CodeIgniter.php(942): App\Controllers\App->appEdit('1')
 7 SYSTEMPATH/CodeIgniter.php(502): CodeIgniter\CodeIgniter->runController(Object(App\Controllers\App))
 8 SYSTEMPATH/CodeIgniter.php(361): CodeIgniter\CodeIgniter->handleRequest(null, Object(Config\Cache), false)
 9 FCPATH/index.php(79): CodeIgniter\CodeIgniter->run()
INFO - 2024-03-28 10:21:34 --> Session: Class initialized using 'CodeIgniter\Session\Handlers\FileHandler' driver.
INFO - 2024-03-28 10:21:35 --> Session: Class initialized using 'CodeIgniter\Session\Handlers\FileHandler' driver.
INFO - 2024-03-28 10:21:44 --> Session: Class initialized using 'CodeIgniter\Session\Handlers\FileHandler' driver.
CRITICAL - 2024-03-28 15:51:44 --> Undefined array key 4
in APPPATH/Views/app/app_edit.php on line 270.
 1 APPPATH/Views/app/app_edit.php(270): CodeIgniter\Debug\Exceptions->errorHandler(2, 'Undefined array key 4', '/home/syphnosys/public_html/appmaster/app/Views/app/app_edit.php', 270)
 2 SYSTEMPATH/View/View.php(228): include('/home/syphnosys/public_html/appmaster/app/Views/app/app_edit.php')
 3 SYSTEMPATH/View/View.php(231): CodeIgniter\View\View->CodeIgniter\View\{closure}()
 4 SYSTEMPATH/Common.php(1190): CodeIgniter\View\View->render('app/app_edit', [], true)
 5 APPPATH/Controllers/App.php(644): view('app/app_edit', [...])
 6 SYSTEMPATH/CodeIgniter.php(942): App\Controllers\App->appEdit('1')
 7 SYSTEMPATH/CodeIgniter.php(502): CodeIgniter\CodeIgniter->runController(Object(App\Controllers\App))
 8 SYSTEMPATH/CodeIgniter.php(361): CodeIgniter\CodeIgniter->handleRequest(null, Object(Config\Cache), false)
 9 FCPATH/index.php(79): CodeIgniter\CodeIgniter->run()
INFO - 2024-03-28 10:21:54 --> Session: Class initialized using 'CodeIgniter\Session\Handlers\FileHandler' driver.
CRITICAL - 2024-03-28 15:51:54 --> Undefined array key 4
in APPPATH/Views/app/app_edit.php on line 270.
 1 APPPATH/Views/app/app_edit.php(270): CodeIgniter\Debug\Exceptions->errorHandler(2, 'Undefined array key 4', '/home/syphnosys/public_html/appmaster/app/Views/app/app_edit.php', 270)
 2 SYSTEMPATH/View/View.php(228): include('/home/syphnosys/public_html/appmaster/app/Views/app/app_edit.php')
 3 SYSTEMPATH/View/View.php(231): CodeIgniter\View\View->CodeIgniter\View\{closure}()
 4 SYSTEMPATH/Common.php(1190): CodeIgniter\View\View->render('app/app_edit', [], true)
 5 APPPATH/Controllers/App.php(644): view('app/app_edit', [...])
 6 SYSTEMPATH/CodeIgniter.php(942): App\Controllers\App->appEdit('1')
 7 SYSTEMPATH/CodeIgniter.php(502): CodeIgniter\CodeIgniter->runController(Object(App\Controllers\App))
 8 SYSTEMPATH/CodeIgniter.php(361): CodeIgniter\CodeIgniter->handleRequest(null, Object(Config\Cache), false)
 9 FCPATH/index.php(79): CodeIgniter\CodeIgniter->run()
INFO - 2024-03-28 10:22:40 --> Session: Class initialized using 'CodeIgniter\Session\Handlers\FileHandler' driver.
CRITICAL - 2024-03-28 15:52:40 --> Undefined array key 5
in APPPATH/Views/app/app_edit.php on line 277.
 1 APPPATH/Views/app/app_edit.php(277): CodeIgniter\Debug\Exceptions->errorHandler(2, 'Undefined array key 5', '/home/syphnosys/public_html/appmaster/app/Views/app/app_edit.php', 277)
 2 SYSTEMPATH/View/View.php(228): include('/home/syphnosys/public_html/appmaster/app/Views/app/app_edit.php')
 3 SYSTEMPATH/View/View.php(231): CodeIgniter\View\View->CodeIgniter\View\{closure}()
 4 SYSTEMPATH/Common.php(1190): CodeIgniter\View\View->render('app/app_edit', [], true)
 5 APPPATH/Controllers/App.php(644): view('app/app_edit', [...])
 6 SYSTEMPATH/CodeIgniter.php(942): App\Controllers\App->appEdit('1')
 7 SYSTEMPATH/CodeIgniter.php(502): CodeIgniter\CodeIgniter->runController(Object(App\Controllers\App))
 8 SYSTEMPATH/CodeIgniter.php(361): CodeIgniter\CodeIgniter->handleRequest(null, Object(Config\Cache), false)
 9 FCPATH/index.php(79): CodeIgniter\CodeIgniter->run()
INFO - 2024-03-28 10:22:41 --> Session: Class initialized using 'CodeIgniter\Session\Handlers\FileHandler' driver.
CRITICAL - 2024-03-28 15:52:41 --> Undefined array key 5
in APPPATH/Views/app/app_edit.php on line 277.
 1 APPPATH/Views/app/app_edit.php(277): CodeIgniter\Debug\Exceptions->errorHandler(2, 'Undefined array key 5', '/home/syphnosys/public_html/appmaster/app/Views/app/app_edit.php', 277)
 2 SYSTEMPATH/View/View.php(228): include('/home/syphnosys/public_html/appmaster/app/Views/app/app_edit.php')
 3 SYSTEMPATH/View/View.php(231): CodeIgniter\View\View->CodeIgniter\View\{closure}()
 4 SYSTEMPATH/Common.php(1190): CodeIgniter\View\View->render('app/app_edit', [], true)
 5 APPPATH/Controllers/App.php(644): view('app/app_edit', [...])
 6 SYSTEMPATH/CodeIgniter.php(942): App\Controllers\App->appEdit('1')
 7 SYSTEMPATH/CodeIgniter.php(502): CodeIgniter\CodeIgniter->runController(Object(App\Controllers\App))
 8 SYSTEMPATH/CodeIgniter.php(361): CodeIgniter\CodeIgniter->handleRequest(null, Object(Config\Cache), false)
 9 FCPATH/index.php(79): CodeIgniter\CodeIgniter->run()
INFO - 2024-03-28 10:23:32 --> Session: Class initialized using 'CodeIgniter\Session\Handlers\FileHandler' driver.
CRITICAL - 2024-03-28 15:53:32 --> Undefined array key 6
in APPPATH/Views/app/app_edit.php on line 286.
 1 APPPATH/Views/app/app_edit.php(286): CodeIgniter\Debug\Exceptions->errorHandler(2, 'Undefined array key 6', '/home/syphnosys/public_html/appmaster/app/Views/app/app_edit.php', 286)
 2 SYSTEMPATH/View/View.php(228): include('/home/syphnosys/public_html/appmaster/app/Views/app/app_edit.php')
 3 SYSTEMPATH/View/View.php(231): CodeIgniter\View\View->CodeIgniter\View\{closure}()
 4 SYSTEMPATH/Common.php(1190): CodeIgniter\View\View->render('app/app_edit', [], true)
 5 APPPATH/Controllers/App.php(644): view('app/app_edit', [...])
 6 SYSTEMPATH/CodeIgniter.php(942): App\Controllers\App->appEdit('1')
 7 SYSTEMPATH/CodeIgniter.php(502): CodeIgniter\CodeIgniter->runController(Object(App\Controllers\App))
 8 SYSTEMPATH/CodeIgniter.php(361): CodeIgniter\CodeIgniter->handleRequest(null, Object(Config\Cache), false)
 9 FCPATH/index.php(79): CodeIgniter\CodeIgniter->run()
INFO - 2024-03-28 10:23:53 --> Session: Class initialized using 'CodeIgniter\Session\Handlers\FileHandler' driver.
CRITICAL - 2024-03-28 15:53:53 --> Undefined array key 7
in APPPATH/Views/app/app_edit.php on line 297.
 1 APPPATH/Views/app/app_edit.php(297): CodeIgniter\Debug\Exceptions->errorHandler(2, 'Undefined array key 7', '/home/syphnosys/public_html/appmaster/app/Views/app/app_edit.php', 297)
 2 SYSTEMPATH/View/View.php(228): include('/home/syphnosys/public_html/appmaster/app/Views/app/app_edit.php')
 3 SYSTEMPATH/View/View.php(231): CodeIgniter\View\View->CodeIgniter\View\{closure}()
 4 SYSTEMPATH/Common.php(1190): CodeIgniter\View\View->render('app/app_edit', [], true)
 5 APPPATH/Controllers/App.php(644): view('app/app_edit', [...])
 6 SYSTEMPATH/CodeIgniter.php(942): App\Controllers\App->appEdit('1')
 7 SYSTEMPATH/CodeIgniter.php(502): CodeIgniter\CodeIgniter->runController(Object(App\Controllers\App))
 8 SYSTEMPATH/CodeIgniter.php(361): CodeIgniter\CodeIgniter->handleRequest(null, Object(Config\Cache), false)
 9 FCPATH/index.php(79): CodeIgniter\CodeIgniter->run()
INFO - 2024-03-28 10:24:12 --> Session: Class initialized using 'CodeIgniter\Session\Handlers\FileHandler' driver.
INFO - 2024-03-28 10:24:26 --> Session: Class initialized using 'CodeIgniter\Session\Handlers\FileHandler' driver.
INFO - 2024-03-28 10:25:00 --> Session: Class initialized using 'CodeIgniter\Session\Handlers\FileHandler' driver.
INFO - 2024-03-28 10:25:11 --> Session: Class initialized using 'CodeIgniter\Session\Handlers\FileHandler' driver.
INFO - 2024-03-28 10:25:15 --> Session: Class initialized using 'CodeIgniter\Session\Handlers\FileHandler' driver.
INFO - 2024-03-28 10:25:15 --> Session: Class initialized using 'CodeIgniter\Session\Handlers\FileHandler' driver.
INFO - 2024-03-28 10:25:18 --> Session: Class initialized using 'CodeIgniter\Session\Handlers\FileHandler' driver.
INFO - 2024-03-28 10:25:19 --> Session: Class initialized using 'CodeIgniter\Session\Handlers\FileHandler' driver.
INFO - 2024-03-28 10:25:20 --> Session: Class initialized using 'CodeIgniter\Session\Handlers\FileHandler' driver.
INFO - 2024-03-28 10:25:22 --> Session: Class initialized using 'CodeIgniter\Session\Handlers\FileHandler' driver.
INFO - 2024-03-28 10:25:23 --> Session: Class initialized using 'CodeIgniter\Session\Handlers\FileHandler' driver.
INFO - 2024-03-28 10:25:49 --> Session: Class initialized using 'CodeIgniter\Session\Handlers\FileHandler' driver.
INFO - 2024-03-28 10:25:52 --> Session: Class initialized using 'CodeIgniter\Session\Handlers\FileHandler' driver.
INFO - 2024-03-28 10:25:53 --> Session: Class initialized using 'CodeIgniter\Session\Handlers\FileHandler' driver.
INFO - 2024-03-28 10:28:48 --> Session: Class initialized using 'CodeIgniter\Session\Handlers\FileHandler' driver.
INFO - 2024-03-28 10:28:50 --> Session: Class initialized using 'CodeIgniter\Session\Handlers\FileHandler' driver.
INFO - 2024-03-28 10:28:52 --> Session: Class initialized using 'CodeIgniter\Session\Handlers\FileHandler' driver.
INFO - 2024-03-28 10:28:54 --> Session: Class initialized using 'CodeIgniter\Session\Handlers\FileHandler' driver.
CRITICAL - 2024-03-28 15:58:54 --> Undefined array key 1
in APPPATH/Views/app/app_edit.php on line 327.
 1 APPPATH/Views/app/app_edit.php(327): CodeIgniter\Debug\Exceptions->errorHandler(2, 'Undefined array key 1', '/home/syphnosys/public_html/appmaster/app/Views/app/app_edit.php', 327)
 2 SYSTEMPATH/View/View.php(228): include('/home/syphnosys/public_html/appmaster/app/Views/app/app_edit.php')
 3 SYSTEMPATH/View/View.php(231): CodeIgniter\View\View->CodeIgniter\View\{closure}()
 4 SYSTEMPATH/Common.php(1190): CodeIgniter\View\View->render('app/app_edit', [], true)
 5 APPPATH/Controllers/App.php(644): view('app/app_edit', [...])
 6 SYSTEMPATH/CodeIgniter.php(942): App\Controllers\App->appEdit('13')
 7 SYSTEMPATH/CodeIgniter.php(502): CodeIgniter\CodeIgniter->runController(Object(App\Controllers\App))
 8 SYSTEMPATH/CodeIgniter.php(361): CodeIgniter\CodeIgniter->handleRequest(null, Object(Config\Cache), false)
 9 FCPATH/index.php(79): CodeIgniter\CodeIgniter->run()
INFO - 2024-03-28 10:30:36 --> Session: Class initialized using 'CodeIgniter\Session\Handlers\FileHandler' driver.
CRITICAL - 2024-03-28 16:00:36 --> Undefined array key 1
in APPPATH/Views/app/app_edit.php on line 327.
 1 APPPATH/Views/app/app_edit.php(327): CodeIgniter\Debug\Exceptions->errorHandler(2, 'Undefined array key 1', '/home/syphnosys/public_html/appmaster/app/Views/app/app_edit.php', 327)
 2 SYSTEMPATH/View/View.php(228): include('/home/syphnosys/public_html/appmaster/app/Views/app/app_edit.php')
 3 SYSTEMPATH/View/View.php(231): CodeIgniter\View\View->CodeIgniter\View\{closure}()
 4 SYSTEMPATH/Common.php(1190): CodeIgniter\View\View->render('app/app_edit', [], true)
 5 APPPATH/Controllers/App.php(644): view('app/app_edit', [...])
 6 SYSTEMPATH/CodeIgniter.php(942): App\Controllers\App->appEdit('13')
 7 SYSTEMPATH/CodeIgniter.php(502): CodeIgniter\CodeIgniter->runController(Object(App\Controllers\App))
 8 SYSTEMPATH/CodeIgniter.php(361): CodeIgniter\CodeIgniter->handleRequest(null, Object(Config\Cache), false)
 9 FCPATH/index.php(79): CodeIgniter\CodeIgniter->run()
INFO - 2024-03-28 10:31:14 --> Session: Class initialized using 'CodeIgniter\Session\Handlers\FileHandler' driver.
CRITICAL - 2024-03-28 16:01:14 --> Undefined array key 2
in APPPATH/Views/app/app_edit.php on line 336.
 1 APPPATH/Views/app/app_edit.php(336): CodeIgniter\Debug\Exceptions->errorHandler(2, 'Undefined array key 2', '/home/syphnosys/public_html/appmaster/app/Views/app/app_edit.php', 336)
 2 SYSTEMPATH/View/View.php(228): include('/home/syphnosys/public_html/appmaster/app/Views/app/app_edit.php')
 3 SYSTEMPATH/View/View.php(231): CodeIgniter\View\View->CodeIgniter\View\{closure}()
 4 SYSTEMPATH/Common.php(1190): CodeIgniter\View\View->render('app/app_edit', [], true)
 5 APPPATH/Controllers/App.php(644): view('app/app_edit', [...])
 6 SYSTEMPATH/CodeIgniter.php(942): App\Controllers\App->appEdit('13')
 7 SYSTEMPATH/CodeIgniter.php(502): CodeIgniter\CodeIgniter->runController(Object(App\Controllers\App))
 8 SYSTEMPATH/CodeIgniter.php(361): CodeIgniter\CodeIgniter->handleRequest(null, Object(Config\Cache), false)
 9 FCPATH/index.php(79): CodeIgniter\CodeIgniter->run()
INFO - 2024-03-28 10:31:49 --> Session: Class initialized using 'CodeIgniter\Session\Handlers\FileHandler' driver.
CRITICAL - 2024-03-28 16:01:49 --> Undefined array key 3
in APPPATH/Views/app/app_edit.php on line 347.
 1 APPPATH/Views/app/app_edit.php(347): CodeIgniter\Debug\Exceptions->errorHandler(2, 'Undefined array key 3', '/home/syphnosys/public_html/appmaster/app/Views/app/app_edit.php', 347)
 2 SYSTEMPATH/View/View.php(228): include('/home/syphnosys/public_html/appmaster/app/Views/app/app_edit.php')
 3 SYSTEMPATH/View/View.php(231): CodeIgniter\View\View->CodeIgniter\View\{closure}()
 4 SYSTEMPATH/Common.php(1190): CodeIgniter\View\View->render('app/app_edit', [], true)
 5 APPPATH/Controllers/App.php(644): view('app/app_edit', [...])
 6 SYSTEMPATH/CodeIgniter.php(942): App\Controllers\App->appEdit('13')
 7 SYSTEMPATH/CodeIgniter.php(502): CodeIgniter\CodeIgniter->runController(Object(App\Controllers\App))
 8 SYSTEMPATH/CodeIgniter.php(361): CodeIgniter\CodeIgniter->handleRequest(null, Object(Config\Cache), false)
 9 FCPATH/index.php(79): CodeIgniter\CodeIgniter->run()
INFO - 2024-03-28 10:32:12 --> Session: Class initialized using 'CodeIgniter\Session\Handlers\FileHandler' driver.
CRITICAL - 2024-03-28 16:02:12 --> Undefined array key 4
in APPPATH/Views/app/app_edit.php on line 362.
 1 APPPATH/Views/app/app_edit.php(362): CodeIgniter\Debug\Exceptions->errorHandler(2, 'Undefined array key 4', '/home/syphnosys/public_html/appmaster/app/Views/app/app_edit.php', 362)
 2 SYSTEMPATH/View/View.php(228): include('/home/syphnosys/public_html/appmaster/app/Views/app/app_edit.php')
 3 SYSTEMPATH/View/View.php(231): CodeIgniter\View\View->CodeIgniter\View\{closure}()
 4 SYSTEMPATH/Common.php(1190): CodeIgniter\View\View->render('app/app_edit', [], true)
 5 APPPATH/Controllers/App.php(644): view('app/app_edit', [...])
 6 SYSTEMPATH/CodeIgniter.php(942): App\Controllers\App->appEdit('13')
 7 SYSTEMPATH/CodeIgniter.php(502): CodeIgniter\CodeIgniter->runController(Object(App\Controllers\App))
 8 SYSTEMPATH/CodeIgniter.php(361): CodeIgniter\CodeIgniter->handleRequest(null, Object(Config\Cache), false)
 9 FCPATH/index.php(79): CodeIgniter\CodeIgniter->run()
INFO - 2024-03-28 10:33:05 --> Session: Class initialized using 'CodeIgniter\Session\Handlers\FileHandler' driver.
CRITICAL - 2024-03-28 16:03:05 --> Undefined array key 5
in APPPATH/Views/app/app_edit.php on line 372.
 1 APPPATH/Views/app/app_edit.php(372): CodeIgniter\Debug\Exceptions->errorHandler(2, 'Undefined array key 5', '/home/syphnosys/public_html/appmaster/app/Views/app/app_edit.php', 372)
 2 SYSTEMPATH/View/View.php(228): include('/home/syphnosys/public_html/appmaster/app/Views/app/app_edit.php')
 3 SYSTEMPATH/View/View.php(231): CodeIgniter\View\View->CodeIgniter\View\{closure}()
 4 SYSTEMPATH/Common.php(1190): CodeIgniter\View\View->render('app/app_edit', [], true)
 5 APPPATH/Controllers/App.php(644): view('app/app_edit', [...])
 6 SYSTEMPATH/CodeIgniter.php(942): App\Controllers\App->appEdit('13')
 7 SYSTEMPATH/CodeIgniter.php(502): CodeIgniter\CodeIgniter->runController(Object(App\Controllers\App))
 8 SYSTEMPATH/CodeIgniter.php(361): CodeIgniter\CodeIgniter->handleRequest(null, Object(Config\Cache), false)
 9 FCPATH/index.php(79): CodeIgniter\CodeIgniter->run()
INFO - 2024-03-28 10:33:52 --> Session: Class initialized using 'CodeIgniter\Session\Handlers\FileHandler' driver.
CRITICAL - 2024-03-28 16:03:52 --> Undefined array key 6
in APPPATH/Views/app/app_edit.php on line 381.
 1 APPPATH/Views/app/app_edit.php(381): CodeIgniter\Debug\Exceptions->errorHandler(2, 'Undefined array key 6', '/home/syphnosys/public_html/appmaster/app/Views/app/app_edit.php', 381)
 2 SYSTEMPATH/View/View.php(228): include('/home/syphnosys/public_html/appmaster/app/Views/app/app_edit.php')
 3 SYSTEMPATH/View/View.php(231): CodeIgniter\View\View->CodeIgniter\View\{closure}()
 4 SYSTEMPATH/Common.php(1190): CodeIgniter\View\View->render('app/app_edit', [], true)
 5 APPPATH/Controllers/App.php(644): view('app/app_edit', [...])
 6 SYSTEMPATH/CodeIgniter.php(942): App\Controllers\App->appEdit('13')
 7 SYSTEMPATH/CodeIgniter.php(502): CodeIgniter\CodeIgniter->runController(Object(App\Controllers\App))
 8 SYSTEMPATH/CodeIgniter.php(361): CodeIgniter\CodeIgniter->handleRequest(null, Object(Config\Cache), false)
 9 FCPATH/index.php(79): CodeIgniter\CodeIgniter->run()
INFO - 2024-03-28 10:41:31 --> Session: Class initialized using 'CodeIgniter\Session\Handlers\FileHandler' driver.
CRITICAL - 2024-03-28 16:11:31 --> Undefined array key 7
in APPPATH/Views/app/app_edit.php on line 392.
 1 APPPATH/Views/app/app_edit.php(392): CodeIgniter\Debug\Exceptions->errorHandler(2, 'Undefined array key 7', '/home/syphnosys/public_html/appmaster/app/Views/app/app_edit.php', 392)
 2 SYSTEMPATH/View/View.php(228): include('/home/syphnosys/public_html/appmaster/app/Views/app/app_edit.php')
 3 SYSTEMPATH/View/View.php(231): CodeIgniter\View\View->CodeIgniter\View\{closure}()
 4 SYSTEMPATH/Common.php(1190): CodeIgniter\View\View->render('app/app_edit', [], true)
 5 APPPATH/Controllers/App.php(644): view('app/app_edit', [...])
 6 SYSTEMPATH/CodeIgniter.php(942): App\Controllers\App->appEdit('13')
 7 SYSTEMPATH/CodeIgniter.php(502): CodeIgniter\CodeIgniter->runController(Object(App\Controllers\App))
 8 SYSTEMPATH/CodeIgniter.php(361): CodeIgniter\CodeIgniter->handleRequest(null, Object(Config\Cache), false)
 9 FCPATH/index.php(79): CodeIgniter\CodeIgniter->run()
INFO - 2024-03-28 10:41:32 --> Session: Class initialized using 'CodeIgniter\Session\Handlers\FileHandler' driver.
CRITICAL - 2024-03-28 16:11:32 --> Undefined array key 7
in APPPATH/Views/app/app_edit.php on line 582.
 1 APPPATH/Views/app/app_edit.php(582): CodeIgniter\Debug\Exceptions->errorHandler(2, 'Undefined array key 7', '/home/syphnosys/public_html/appmaster/app/Views/app/app_edit.php', 582)
 2 SYSTEMPATH/View/View.php(228): include('/home/syphnosys/public_html/appmaster/app/Views/app/app_edit.php')
 3 SYSTEMPATH/View/View.php(231): CodeIgniter\View\View->CodeIgniter\View\{closure}()
 4 SYSTEMPATH/Common.php(1190): CodeIgniter\View\View->render('app/app_edit', [], true)
 5 APPPATH/Controllers/App.php(644): view('app/app_edit', [...])
 6 SYSTEMPATH/CodeIgniter.php(942): App\Controllers\App->appEdit('13')
 7 SYSTEMPATH/CodeIgniter.php(502): CodeIgniter\CodeIgniter->runController(Object(App\Controllers\App))
 8 SYSTEMPATH/CodeIgniter.php(361): CodeIgniter\CodeIgniter->handleRequest(null, Object(Config\Cache), false)
 9 FCPATH/index.php(79): CodeIgniter\CodeIgniter->run()
INFO - 2024-03-28 10:42:00 --> Session: Class initialized using 'CodeIgniter\Session\Handlers\FileHandler' driver.
CRITICAL - 2024-03-28 16:12:00 --> Undefined array key 1
in APPPATH/Views/app/app_edit.php on line 616.
 1 APPPATH/Views/app/app_edit.php(616): CodeIgniter\Debug\Exceptions->errorHandler(2, 'Undefined array key 1', '/home/syphnosys/public_html/appmaster/app/Views/app/app_edit.php', 616)
 2 SYSTEMPATH/View/View.php(228): include('/home/syphnosys/public_html/appmaster/app/Views/app/app_edit.php')
 3 SYSTEMPATH/View/View.php(231): CodeIgniter\View\View->CodeIgniter\View\{closure}()
 4 SYSTEMPATH/Common.php(1190): CodeIgniter\View\View->render('app/app_edit', [], true)
 5 APPPATH/Controllers/App.php(644): view('app/app_edit', [...])
 6 SYSTEMPATH/CodeIgniter.php(942): App\Controllers\App->appEdit('13')
 7 SYSTEMPATH/CodeIgniter.php(502): CodeIgniter\CodeIgniter->runController(Object(App\Controllers\App))
 8 SYSTEMPATH/CodeIgniter.php(361): CodeIgniter\CodeIgniter->handleRequest(null, Object(Config\Cache), false)
 9 FCPATH/index.php(79): CodeIgniter\CodeIgniter->run()
INFO - 2024-03-28 10:45:24 --> Session: Class initialized using 'CodeIgniter\Session\Handlers\FileHandler' driver.
CRITICAL - 2024-03-28 16:15:24 --> Undefined array key 1
in APPPATH/Views/app/app_edit.php on line 711.
 1 APPPATH/Views/app/app_edit.php(711): CodeIgniter\Debug\Exceptions->errorHandler(2, 'Undefined array key 1', '/home/syphnosys/public_html/appmaster/app/Views/app/app_edit.php', 711)
 2 SYSTEMPATH/View/View.php(228): include('/home/syphnosys/public_html/appmaster/app/Views/app/app_edit.php')
 3 SYSTEMPATH/View/View.php(231): CodeIgniter\View\View->CodeIgniter\View\{closure}()
 4 SYSTEMPATH/Common.php(1190): CodeIgniter\View\View->render('app/app_edit', [], true)
 5 APPPATH/Controllers/App.php(644): view('app/app_edit', [...])
 6 SYSTEMPATH/CodeIgniter.php(942): App\Controllers\App->appEdit('13')
 7 SYSTEMPATH/CodeIgniter.php(502): CodeIgniter\CodeIgniter->runController(Object(App\Controllers\App))
 8 SYSTEMPATH/CodeIgniter.php(361): CodeIgniter\CodeIgniter->handleRequest(null, Object(Config\Cache), false)
 9 FCPATH/index.php(79): CodeIgniter\CodeIgniter->run()
INFO - 2024-03-28 10:47:31 --> Session: Class initialized using 'CodeIgniter\Session\Handlers\FileHandler' driver.
CRITICAL - 2024-03-28 16:17:31 --> Undefined array key 4
in APPPATH/Views/app/app_edit.php on line 746.
 1 APPPATH/Views/app/app_edit.php(746): CodeIgniter\Debug\Exceptions->errorHandler(2, 'Undefined array key 4', '/home/syphnosys/public_html/appmaster/app/Views/app/app_edit.php', 746)
 2 SYSTEMPATH/View/View.php(228): include('/home/syphnosys/public_html/appmaster/app/Views/app/app_edit.php')
 3 SYSTEMPATH/View/View.php(231): CodeIgniter\View\View->CodeIgniter\View\{closure}()
 4 SYSTEMPATH/Common.php(1190): CodeIgniter\View\View->render('app/app_edit', [], true)
 5 APPPATH/Controllers/App.php(644): view('app/app_edit', [...])
 6 SYSTEMPATH/CodeIgniter.php(942): App\Controllers\App->appEdit('13')
 7 SYSTEMPATH/CodeIgniter.php(502): CodeIgniter\CodeIgniter->runController(Object(App\Controllers\App))
 8 SYSTEMPATH/CodeIgniter.php(361): CodeIgniter\CodeIgniter->handleRequest(null, Object(Config\Cache), false)
 9 FCPATH/index.php(79): CodeIgniter\CodeIgniter->run()
INFO - 2024-03-28 10:52:06 --> Session: Class initialized using 'CodeIgniter\Session\Handlers\FileHandler' driver.
CRITICAL - 2024-03-28 16:22:06 --> Undefined array key 1
in APPPATH/Views/app/app_edit.php on line 901.
 1 APPPATH/Views/app/app_edit.php(901): CodeIgniter\Debug\Exceptions->errorHandler(2, 'Undefined array key 1', '/home/syphnosys/public_html/appmaster/app/Views/app/app_edit.php', 901)
 2 SYSTEMPATH/View/View.php(228): include('/home/syphnosys/public_html/appmaster/app/Views/app/app_edit.php')
 3 SYSTEMPATH/View/View.php(231): CodeIgniter\View\View->CodeIgniter\View\{closure}()
 4 SYSTEMPATH/Common.php(1190): CodeIgniter\View\View->render('app/app_edit', [], true)
 5 APPPATH/Controllers/App.php(644): view('app/app_edit', [...])
 6 SYSTEMPATH/CodeIgniter.php(942): App\Controllers\App->appEdit('13')
 7 SYSTEMPATH/CodeIgniter.php(502): CodeIgniter\CodeIgniter->runController(Object(App\Controllers\App))
 8 SYSTEMPATH/CodeIgniter.php(361): CodeIgniter\CodeIgniter->handleRequest(null, Object(Config\Cache), false)
 9 FCPATH/index.php(79): CodeIgniter\CodeIgniter->run()
INFO - 2024-03-28 10:52:07 --> Session: Class initialized using 'CodeIgniter\Session\Handlers\FileHandler' driver.
CRITICAL - 2024-03-28 16:22:07 --> Undefined array key 1
in APPPATH/Views/app/app_edit.php on line 901.
 1 APPPATH/Views/app/app_edit.php(901): CodeIgniter\Debug\Exceptions->errorHandler(2, 'Undefined array key 1', '/home/syphnosys/public_html/appmaster/app/Views/app/app_edit.php', 901)
 2 SYSTEMPATH/View/View.php(228): include('/home/syphnosys/public_html/appmaster/app/Views/app/app_edit.php')
 3 SYSTEMPATH/View/View.php(231): CodeIgniter\View\View->CodeIgniter\View\{closure}()
 4 SYSTEMPATH/Common.php(1190): CodeIgniter\View\View->render('app/app_edit', [], true)
 5 APPPATH/Controllers/App.php(644): view('app/app_edit', [...])
 6 SYSTEMPATH/CodeIgniter.php(942): App\Controllers\App->appEdit('13')
 7 SYSTEMPATH/CodeIgniter.php(502): CodeIgniter\CodeIgniter->runController(Object(App\Controllers\App))
 8 SYSTEMPATH/CodeIgniter.php(361): CodeIgniter\CodeIgniter->handleRequest(null, Object(Config\Cache), false)
 9 FCPATH/index.php(79): CodeIgniter\CodeIgniter->run()
INFO - 2024-03-28 10:52:08 --> Session: Class initialized using 'CodeIgniter\Session\Handlers\FileHandler' driver.
CRITICAL - 2024-03-28 16:22:08 --> Undefined array key 1
in APPPATH/Views/app/app_edit.php on line 901.
 1 APPPATH/Views/app/app_edit.php(901): CodeIgniter\Debug\Exceptions->errorHandler(2, 'Undefined array key 1', '/home/syphnosys/public_html/appmaster/app/Views/app/app_edit.php', 901)
 2 SYSTEMPATH/View/View.php(228): include('/home/syphnosys/public_html/appmaster/app/Views/app/app_edit.php')
 3 SYSTEMPATH/View/View.php(231): CodeIgniter\View\View->CodeIgniter\View\{closure}()
 4 SYSTEMPATH/Common.php(1190): CodeIgniter\View\View->render('app/app_edit', [], true)
 5 APPPATH/Controllers/App.php(644): view('app/app_edit', [...])
 6 SYSTEMPATH/CodeIgniter.php(942): App\Controllers\App->appEdit('13')
 7 SYSTEMPATH/CodeIgniter.php(502): CodeIgniter\CodeIgniter->runController(Object(App\Controllers\App))
 8 SYSTEMPATH/CodeIgniter.php(361): CodeIgniter\CodeIgniter->handleRequest(null, Object(Config\Cache), false)
 9 FCPATH/index.php(79): CodeIgniter\CodeIgniter->run()
INFO - 2024-03-28 10:52:14 --> Session: Class initialized using 'CodeIgniter\Session\Handlers\FileHandler' driver.
CRITICAL - 2024-03-28 16:22:14 --> Undefined array key 1
in APPPATH/Views/app/app_edit.php on line 901.
 1 APPPATH/Views/app/app_edit.php(901): CodeIgniter\Debug\Exceptions->errorHandler(2, 'Undefined array key 1', '/home/syphnosys/public_html/appmaster/app/Views/app/app_edit.php', 901)
 2 SYSTEMPATH/View/View.php(228): include('/home/syphnosys/public_html/appmaster/app/Views/app/app_edit.php')
 3 SYSTEMPATH/View/View.php(231): CodeIgniter\View\View->CodeIgniter\View\{closure}()
 4 SYSTEMPATH/Common.php(1190): CodeIgniter\View\View->render('app/app_edit', [], true)
 5 APPPATH/Controllers/App.php(644): view('app/app_edit', [...])
 6 SYSTEMPATH/CodeIgniter.php(942): App\Controllers\App->appEdit('13')
 7 SYSTEMPATH/CodeIgniter.php(502): CodeIgniter\CodeIgniter->runController(Object(App\Controllers\App))
 8 SYSTEMPATH/CodeIgniter.php(361): CodeIgniter\CodeIgniter->handleRequest(null, Object(Config\Cache), false)
 9 FCPATH/index.php(79): CodeIgniter\CodeIgniter->run()
INFO - 2024-03-28 10:52:49 --> Session: Class initialized using 'CodeIgniter\Session\Handlers\FileHandler' driver.
CRITICAL - 2024-03-28 16:22:49 --> Undefined array key 1
in APPPATH/Views/app/app_edit.php on line 901.
 1 APPPATH/Views/app/app_edit.php(901): CodeIgniter\Debug\Exceptions->errorHandler(2, 'Undefined array key 1', '/home/syphnosys/public_html/appmaster/app/Views/app/app_edit.php', 901)
 2 SYSTEMPATH/View/View.php(228): include('/home/syphnosys/public_html/appmaster/app/Views/app/app_edit.php')
 3 SYSTEMPATH/View/View.php(231): CodeIgniter\View\View->CodeIgniter\View\{closure}()
 4 SYSTEMPATH/Common.php(1190): CodeIgniter\View\View->render('app/app_edit', [], true)
 5 APPPATH/Controllers/App.php(644): view('app/app_edit', [...])
 6 SYSTEMPATH/CodeIgniter.php(942): App\Controllers\App->appEdit('13')
 7 SYSTEMPATH/CodeIgniter.php(502): CodeIgniter\CodeIgniter->runController(Object(App\Controllers\App))
 8 SYSTEMPATH/CodeIgniter.php(361): CodeIgniter\CodeIgniter->handleRequest(null, Object(Config\Cache), false)
 9 FCPATH/index.php(79): CodeIgniter\CodeIgniter->run()
INFO - 2024-03-28 10:53:03 --> Session: Class initialized using 'CodeIgniter\Session\Handlers\FileHandler' driver.
CRITICAL - 2024-03-28 16:23:03 --> Undefined array key 1
in APPPATH/Views/app/app_edit.php on line 901.
 1 APPPATH/Views/app/app_edit.php(901): CodeIgniter\Debug\Exceptions->errorHandler(2, 'Undefined array key 1', '/home/syphnosys/public_html/appmaster/app/Views/app/app_edit.php', 901)
 2 SYSTEMPATH/View/View.php(228): include('/home/syphnosys/public_html/appmaster/app/Views/app/app_edit.php')
 3 SYSTEMPATH/View/View.php(231): CodeIgniter\View\View->CodeIgniter\View\{closure}()
 4 SYSTEMPATH/Common.php(1190): CodeIgniter\View\View->render('app/app_edit', [], true)
 5 APPPATH/Controllers/App.php(644): view('app/app_edit', [...])
 6 SYSTEMPATH/CodeIgniter.php(942): App\Controllers\App->appEdit('13')
 7 SYSTEMPATH/CodeIgniter.php(502): CodeIgniter\CodeIgniter->runController(Object(App\Controllers\App))
 8 SYSTEMPATH/CodeIgniter.php(361): CodeIgniter\CodeIgniter->handleRequest(null, Object(Config\Cache), false)
 9 FCPATH/index.php(79): CodeIgniter\CodeIgniter->run()
INFO - 2024-03-28 10:54:54 --> Session: Class initialized using 'CodeIgniter\Session\Handlers\FileHandler' driver.
CRITICAL - 2024-03-28 16:24:54 --> Undefined array key 4
in APPPATH/Views/app/app_edit.php on line 936.
 1 APPPATH/Views/app/app_edit.php(936): CodeIgniter\Debug\Exceptions->errorHandler(2, 'Undefined array key 4', '/home/syphnosys/public_html/appmaster/app/Views/app/app_edit.php', 936)
 2 SYSTEMPATH/View/View.php(228): include('/home/syphnosys/public_html/appmaster/app/Views/app/app_edit.php')
 3 SYSTEMPATH/View/View.php(231): CodeIgniter\View\View->CodeIgniter\View\{closure}()
 4 SYSTEMPATH/Common.php(1190): CodeIgniter\View\View->render('app/app_edit', [], true)
 5 APPPATH/Controllers/App.php(644): view('app/app_edit', [...])
 6 SYSTEMPATH/CodeIgniter.php(942): App\Controllers\App->appEdit('13')
 7 SYSTEMPATH/CodeIgniter.php(502): CodeIgniter\CodeIgniter->runController(Object(App\Controllers\App))
 8 SYSTEMPATH/CodeIgniter.php(361): CodeIgniter\CodeIgniter->handleRequest(null, Object(Config\Cache), false)
 9 FCPATH/index.php(79): CodeIgniter\CodeIgniter->run()
INFO - 2024-03-28 10:54:56 --> Session: Class initialized using 'CodeIgniter\Session\Handlers\FileHandler' driver.
CRITICAL - 2024-03-28 16:24:56 --> Undefined array key 4
in APPPATH/Views/app/app_edit.php on line 936.
 1 APPPATH/Views/app/app_edit.php(936): CodeIgniter\Debug\Exceptions->errorHandler(2, 'Undefined array key 4', '/home/syphnosys/public_html/appmaster/app/Views/app/app_edit.php', 936)
 2 SYSTEMPATH/View/View.php(228): include('/home/syphnosys/public_html/appmaster/app/Views/app/app_edit.php')
 3 SYSTEMPATH/View/View.php(231): CodeIgniter\View\View->CodeIgniter\View\{closure}()
 4 SYSTEMPATH/Common.php(1190): CodeIgniter\View\View->render('app/app_edit', [], true)
 5 APPPATH/Controllers/App.php(644): view('app/app_edit', [...])
 6 SYSTEMPATH/CodeIgniter.php(942): App\Controllers\App->appEdit('13')
 7 SYSTEMPATH/CodeIgniter.php(502): CodeIgniter\CodeIgniter->runController(Object(App\Controllers\App))
 8 SYSTEMPATH/CodeIgniter.php(361): CodeIgniter\CodeIgniter->handleRequest(null, Object(Config\Cache), false)
 9 FCPATH/index.php(79): CodeIgniter\CodeIgniter->run()
INFO - 2024-03-28 10:55:00 --> Session: Class initialized using 'CodeIgniter\Session\Handlers\FileHandler' driver.
CRITICAL - 2024-03-28 16:25:00 --> Undefined array key 4
in APPPATH/Views/app/app_edit.php on line 936.
 1 APPPATH/Views/app/app_edit.php(936): CodeIgniter\Debug\Exceptions->errorHandler(2, 'Undefined array key 4', '/home/syphnosys/public_html/appmaster/app/Views/app/app_edit.php', 936)
 2 SYSTEMPATH/View/View.php(228): include('/home/syphnosys/public_html/appmaster/app/Views/app/app_edit.php')
 3 SYSTEMPATH/View/View.php(231): CodeIgniter\View\View->CodeIgniter\View\{closure}()
 4 SYSTEMPATH/Common.php(1190): CodeIgniter\View\View->render('app/app_edit', [], true)
 5 APPPATH/Controllers/App.php(644): view('app/app_edit', [...])
 6 SYSTEMPATH/CodeIgniter.php(942): App\Controllers\App->appEdit('13')
 7 SYSTEMPATH/CodeIgniter.php(502): CodeIgniter\CodeIgniter->runController(Object(App\Controllers\App))
 8 SYSTEMPATH/CodeIgniter.php(361): CodeIgniter\CodeIgniter->handleRequest(null, Object(Config\Cache), false)
 9 FCPATH/index.php(79): CodeIgniter\CodeIgniter->run()
INFO - 2024-03-28 10:55:01 --> Session: Class initialized using 'CodeIgniter\Session\Handlers\FileHandler' driver.
CRITICAL - 2024-03-28 16:25:01 --> Undefined array key 4
in APPPATH/Views/app/app_edit.php on line 936.
 1 APPPATH/Views/app/app_edit.php(936): CodeIgniter\Debug\Exceptions->errorHandler(2, 'Undefined array key 4', '/home/syphnosys/public_html/appmaster/app/Views/app/app_edit.php', 936)
 2 SYSTEMPATH/View/View.php(228): include('/home/syphnosys/public_html/appmaster/app/Views/app/app_edit.php')
 3 SYSTEMPATH/View/View.php(231): CodeIgniter\View\View->CodeIgniter\View\{closure}()
 4 SYSTEMPATH/Common.php(1190): CodeIgniter\View\View->render('app/app_edit', [], true)
 5 APPPATH/Controllers/App.php(644): view('app/app_edit', [...])
 6 SYSTEMPATH/CodeIgniter.php(942): App\Controllers\App->appEdit('13')
 7 SYSTEMPATH/CodeIgniter.php(502): CodeIgniter\CodeIgniter->runController(Object(App\Controllers\App))
 8 SYSTEMPATH/CodeIgniter.php(361): CodeIgniter\CodeIgniter->handleRequest(null, Object(Config\Cache), false)
 9 FCPATH/index.php(79): CodeIgniter\CodeIgniter->run()
INFO - 2024-03-28 10:58:40 --> Session: Class initialized using 'CodeIgniter\Session\Handlers\FileHandler' driver.
CRITICAL - 2024-03-28 16:28:40 --> Undefined array key 1
in APPPATH/Views/app/app_edit.php on line 1000.
 1 APPPATH/Views/app/app_edit.php(1000): CodeIgniter\Debug\Exceptions->errorHandler(2, 'Undefined array key 1', '/home/syphnosys/public_html/appmaster/app/Views/app/app_edit.php', 1000)
 2 SYSTEMPATH/View/View.php(228): include('/home/syphnosys/public_html/appmaster/app/Views/app/app_edit.php')
 3 SYSTEMPATH/View/View.php(231): CodeIgniter\View\View->CodeIgniter\View\{closure}()
 4 SYSTEMPATH/Common.php(1190): CodeIgniter\View\View->render('app/app_edit', [], true)
 5 APPPATH/Controllers/App.php(644): view('app/app_edit', [...])
 6 SYSTEMPATH/CodeIgniter.php(942): App\Controllers\App->appEdit('13')
 7 SYSTEMPATH/CodeIgniter.php(502): CodeIgniter\CodeIgniter->runController(Object(App\Controllers\App))
 8 SYSTEMPATH/CodeIgniter.php(361): CodeIgniter\CodeIgniter->handleRequest(null, Object(Config\Cache), false)
 9 FCPATH/index.php(79): CodeIgniter\CodeIgniter->run()
INFO - 2024-03-28 10:58:41 --> Session: Class initialized using 'CodeIgniter\Session\Handlers\FileHandler' driver.
CRITICAL - 2024-03-28 16:28:41 --> Undefined array key 1
in APPPATH/Views/app/app_edit.php on line 1000.
 1 APPPATH/Views/app/app_edit.php(1000): CodeIgniter\Debug\Exceptions->errorHandler(2, 'Undefined array key 1', '/home/syphnosys/public_html/appmaster/app/Views/app/app_edit.php', 1000)
 2 SYSTEMPATH/View/View.php(228): include('/home/syphnosys/public_html/appmaster/app/Views/app/app_edit.php')
 3 SYSTEMPATH/View/View.php(231): CodeIgniter\View\View->CodeIgniter\View\{closure}()
 4 SYSTEMPATH/Common.php(1190): CodeIgniter\View\View->render('app/app_edit', [], true)
 5 APPPATH/Controllers/App.php(644): view('app/app_edit', [...])
 6 SYSTEMPATH/CodeIgniter.php(942): App\Controllers\App->appEdit('13')
 7 SYSTEMPATH/CodeIgniter.php(502): CodeIgniter\CodeIgniter->runController(Object(App\Controllers\App))
 8 SYSTEMPATH/CodeIgniter.php(361): CodeIgniter\CodeIgniter->handleRequest(null, Object(Config\Cache), false)
 9 FCPATH/index.php(79): CodeIgniter\CodeIgniter->run()
INFO - 2024-03-28 11:20:46 --> Session: Class initialized using 'CodeIgniter\Session\Handlers\FileHandler' driver.
INFO - 2024-03-28 11:20:56 --> Session: Class initialized using 'CodeIgniter\Session\Handlers\FileHandler' driver.
INFO - 2024-03-28 11:22:25 --> Session: Class initialized using 'CodeIgniter\Session\Handlers\FileHandler' driver.
INFO - 2024-03-28 11:22:32 --> Session: Class initialized using 'CodeIgniter\Session\Handlers\FileHandler' driver.
INFO - 2024-03-28 11:24:50 --> Session: Class initialized using 'CodeIgniter\Session\Handlers\FileHandler' driver.
INFO - 2024-03-28 11:24:53 --> Session: Class initialized using 'CodeIgniter\Session\Handlers\FileHandler' driver.
CRITICAL - 2024-03-28 16:54:53 --> Undefined array key 2
in APPPATH/Views/app/app_info.php on line 424.
 1 APPPATH/Views/app/app_info.php(424): CodeIgniter\Debug\Exceptions->errorHandler(2, 'Undefined array key 2', '/home/syphnosys/public_html/appmaster/app/Views/app/app_info.php', 424)
 2 SYSTEMPATH/View/View.php(228): include('/home/syphnosys/public_html/appmaster/app/Views/app/app_info.php')
 3 SYSTEMPATH/View/View.php(231): CodeIgniter\View\View->CodeIgniter\View\{closure}()
 4 SYSTEMPATH/Common.php(1190): CodeIgniter\View\View->render('app/app_info', [], true)
 5 APPPATH/Controllers/App.php(501): view('app/app_info', [...])
 6 SYSTEMPATH/CodeIgniter.php(942): App\Controllers\App->appInfo('13')
 7 SYSTEMPATH/CodeIgniter.php(502): CodeIgniter\CodeIgniter->runController(Object(App\Controllers\App))
 8 SYSTEMPATH/CodeIgniter.php(361): CodeIgniter\CodeIgniter->handleRequest(null, Object(Config\Cache), false)
 9 FCPATH/index.php(79): CodeIgniter\CodeIgniter->run()
INFO - 2024-03-28 11:25:00 --> Session: Class initialized using 'CodeIgniter\Session\Handlers\FileHandler' driver.
INFO - 2024-03-28 11:25:04 --> Session: Class initialized using 'CodeIgniter\Session\Handlers\FileHandler' driver.
INFO - 2024-03-28 11:25:06 --> Session: Class initialized using 'CodeIgniter\Session\Handlers\FileHandler' driver.
INFO - 2024-03-28 11:25:08 --> Session: Class initialized using 'CodeIgniter\Session\Handlers\FileHandler' driver.
INFO - 2024-03-28 11:25:12 --> Session: Class initialized using 'CodeIgniter\Session\Handlers\FileHandler' driver.
CRITICAL - 2024-03-28 16:55:12 --> Undefined array key 2
in APPPATH/Views/app/app_info.php on line 424.
 1 APPPATH/Views/app/app_info.php(424): CodeIgniter\Debug\Exceptions->errorHandler(2, 'Undefined array key 2', '/home/syphnosys/public_html/appmaster/app/Views/app/app_info.php', 424)
 2 SYSTEMPATH/View/View.php(228): include('/home/syphnosys/public_html/appmaster/app/Views/app/app_info.php')
 3 SYSTEMPATH/View/View.php(231): CodeIgniter\View\View->CodeIgniter\View\{closure}()
 4 SYSTEMPATH/Common.php(1190): CodeIgniter\View\View->render('app/app_info', [], true)
 5 APPPATH/Controllers/App.php(501): view('app/app_info', [...])
 6 SYSTEMPATH/CodeIgniter.php(942): App\Controllers\App->appInfo('13')
 7 SYSTEMPATH/CodeIgniter.php(502): CodeIgniter\CodeIgniter->runController(Object(App\Controllers\App))
 8 SYSTEMPATH/CodeIgniter.php(361): CodeIgniter\CodeIgniter->handleRequest(null, Object(Config\Cache), false)
 9 FCPATH/index.php(79): CodeIgniter\CodeIgniter->run()
INFO - 2024-03-28 11:25:13 --> Session: Class initialized using 'CodeIgniter\Session\Handlers\FileHandler' driver.
INFO - 2024-03-28 11:25:15 --> Session: Class initialized using 'CodeIgniter\Session\Handlers\FileHandler' driver.
INFO - 2024-03-28 11:25:19 --> Session: Class initialized using 'CodeIgniter\Session\Handlers\FileHandler' driver.
CRITICAL - 2024-03-28 16:55:19 --> Undefined array key 2
in APPPATH/Views/app/app_info.php on line 424.
 1 APPPATH/Views/app/app_info.php(424): CodeIgniter\Debug\Exceptions->errorHandler(2, 'Undefined array key 2', '/home/syphnosys/public_html/appmaster/app/Views/app/app_info.php', 424)
 2 SYSTEMPATH/View/View.php(228): include('/home/syphnosys/public_html/appmaster/app/Views/app/app_info.php')
 3 SYSTEMPATH/View/View.php(231): CodeIgniter\View\View->CodeIgniter\View\{closure}()
 4 SYSTEMPATH/Common.php(1190): CodeIgniter\View\View->render('app/app_info', [], true)
 5 APPPATH/Controllers/App.php(501): view('app/app_info', [...])
 6 SYSTEMPATH/CodeIgniter.php(942): App\Controllers\App->appInfo('13')
 7 SYSTEMPATH/CodeIgniter.php(502): CodeIgniter\CodeIgniter->runController(Object(App\Controllers\App))
 8 SYSTEMPATH/CodeIgniter.php(361): CodeIgniter\CodeIgniter->handleRequest(null, Object(Config\Cache), false)
 9 FCPATH/index.php(79): CodeIgniter\CodeIgniter->run()
INFO - 2024-03-28 11:26:13 --> Session: Class initialized using 'CodeIgniter\Session\Handlers\FileHandler' driver.
INFO - 2024-03-28 11:26:15 --> Session: Class initialized using 'CodeIgniter\Session\Handlers\FileHandler' driver.
INFO - 2024-03-28 11:26:16 --> Session: Class initialized using 'CodeIgniter\Session\Handlers\FileHandler' driver.
CRITICAL - 2024-03-28 16:56:16 --> Undefined array key 2
in APPPATH/Views/app/app_info.php on line 424.
 1 APPPATH/Views/app/app_info.php(424): CodeIgniter\Debug\Exceptions->errorHandler(2, 'Undefined array key 2', '/home/syphnosys/public_html/appmaster/app/Views/app/app_info.php', 424)
 2 SYSTEMPATH/View/View.php(228): include('/home/syphnosys/public_html/appmaster/app/Views/app/app_info.php')
 3 SYSTEMPATH/View/View.php(231): CodeIgniter\View\View->CodeIgniter\View\{closure}()
 4 SYSTEMPATH/Common.php(1190): CodeIgniter\View\View->render('app/app_info', [], true)
 5 APPPATH/Controllers/App.php(501): view('app/app_info', [...])
 6 SYSTEMPATH/CodeIgniter.php(942): App\Controllers\App->appInfo('13')
 7 SYSTEMPATH/CodeIgniter.php(502): CodeIgniter\CodeIgniter->runController(Object(App\Controllers\App))
 8 SYSTEMPATH/CodeIgniter.php(361): CodeIgniter\CodeIgniter->handleRequest(null, Object(Config\Cache), false)
 9 FCPATH/index.php(79): CodeIgniter\CodeIgniter->run()
INFO - 2024-03-28 11:27:40 --> Session: Class initialized using 'CodeIgniter\Session\Handlers\FileHandler' driver.
CRITICAL - 2024-03-28 16:57:41 --> Undefined array key 3
in APPPATH/Views/app/app_info.php on line 441.
 1 APPPATH/Views/app/app_info.php(441): CodeIgniter\Debug\Exceptions->errorHandler(2, 'Undefined array key 3', '/home/syphnosys/public_html/appmaster/app/Views/app/app_info.php', 441)
 2 SYSTEMPATH/View/View.php(228): include('/home/syphnosys/public_html/appmaster/app/Views/app/app_info.php')
 3 SYSTEMPATH/View/View.php(231): CodeIgniter\View\View->CodeIgniter\View\{closure}()
 4 SYSTEMPATH/Common.php(1190): CodeIgniter\View\View->render('app/app_info', [], true)
 5 APPPATH/Controllers/App.php(501): view('app/app_info', [...])
 6 SYSTEMPATH/CodeIgniter.php(942): App\Controllers\App->appInfo('13')
 7 SYSTEMPATH/CodeIgniter.php(502): CodeIgniter\CodeIgniter->runController(Object(App\Controllers\App))
 8 SYSTEMPATH/CodeIgniter.php(361): CodeIgniter\CodeIgniter->handleRequest(null, Object(Config\Cache), false)
 9 FCPATH/index.php(79): CodeIgniter\CodeIgniter->run()
INFO - 2024-03-28 11:28:57 --> Session: Class initialized using 'CodeIgniter\Session\Handlers\FileHandler' driver.
CRITICAL - 2024-03-28 16:58:57 --> Undefined array key 2
in APPPATH/Views/app/app_info.php on line 424.
 1 APPPATH/Views/app/app_info.php(424): CodeIgniter\Debug\Exceptions->errorHandler(2, 'Undefined array key 2', '/home/syphnosys/public_html/appmaster/app/Views/app/app_info.php', 424)
 2 SYSTEMPATH/View/View.php(228): include('/home/syphnosys/public_html/appmaster/app/Views/app/app_info.php')
 3 SYSTEMPATH/View/View.php(231): CodeIgniter\View\View->CodeIgniter\View\{closure}()
 4 SYSTEMPATH/Common.php(1190): CodeIgniter\View\View->render('app/app_info', [], true)
 5 APPPATH/Controllers/App.php(501): view('app/app_info', [...])
 6 SYSTEMPATH/CodeIgniter.php(942): App\Controllers\App->appInfo('13')
 7 SYSTEMPATH/CodeIgniter.php(502): CodeIgniter\CodeIgniter->runController(Object(App\Controllers\App))
 8 SYSTEMPATH/CodeIgniter.php(361): CodeIgniter\CodeIgniter->handleRequest(null, Object(Config\Cache), false)
 9 FCPATH/index.php(79): CodeIgniter\CodeIgniter->run()
INFO - 2024-03-28 11:30:04 --> Session: Class initialized using 'CodeIgniter\Session\Handlers\FileHandler' driver.
CRITICAL - 2024-03-28 17:00:04 --> Undefined array key 3
in APPPATH/Views/app/app_info.php on line 437.
 1 APPPATH/Views/app/app_info.php(437): CodeIgniter\Debug\Exceptions->errorHandler(2, 'Undefined array key 3', '/home/syphnosys/public_html/appmaster/app/Views/app/app_info.php', 437)
 2 SYSTEMPATH/View/View.php(228): include('/home/syphnosys/public_html/appmaster/app/Views/app/app_info.php')
 3 SYSTEMPATH/View/View.php(231): CodeIgniter\View\View->CodeIgniter\View\{closure}()
 4 SYSTEMPATH/Common.php(1190): CodeIgniter\View\View->render('app/app_info', [], true)
 5 APPPATH/Controllers/App.php(501): view('app/app_info', [...])
 6 SYSTEMPATH/CodeIgniter.php(942): App\Controllers\App->appInfo('13')
 7 SYSTEMPATH/CodeIgniter.php(502): CodeIgniter\CodeIgniter->runController(Object(App\Controllers\App))
 8 SYSTEMPATH/CodeIgniter.php(361): CodeIgniter\CodeIgniter->handleRequest(null, Object(Config\Cache), false)
 9 FCPATH/index.php(79): CodeIgniter\CodeIgniter->run()
INFO - 2024-03-28 11:30:09 --> Session: Class initialized using 'CodeIgniter\Session\Handlers\FileHandler' driver.
INFO - 2024-03-28 11:30:11 --> Session: Class initialized using 'CodeIgniter\Session\Handlers\FileHandler' driver.
INFO - 2024-03-28 11:30:15 --> Session: Class initialized using 'CodeIgniter\Session\Handlers\FileHandler' driver.
INFO - 2024-03-28 11:30:17 --> Session: Class initialized using 'CodeIgniter\Session\Handlers\FileHandler' driver.
INFO - 2024-03-28 11:30:20 --> Session: Class initialized using 'CodeIgniter\Session\Handlers\FileHandler' driver.
INFO - 2024-03-28 11:30:29 --> Session: Class initialized using 'CodeIgniter\Session\Handlers\FileHandler' driver.
CRITICAL - 2024-03-28 17:00:29 --> Undefined array key 3
in APPPATH/Views/app/app_info.php on line 437.
 1 APPPATH/Views/app/app_info.php(437): CodeIgniter\Debug\Exceptions->errorHandler(2, 'Undefined array key 3', '/home/syphnosys/public_html/appmaster/app/Views/app/app_info.php', 437)
 2 SYSTEMPATH/View/View.php(228): include('/home/syphnosys/public_html/appmaster/app/Views/app/app_info.php')
 3 SYSTEMPATH/View/View.php(231): CodeIgniter\View\View->CodeIgniter\View\{closure}()
 4 SYSTEMPATH/Common.php(1190): CodeIgniter\View\View->render('app/app_info', [], true)
 5 APPPATH/Controllers/App.php(501): view('app/app_info', [...])
 6 SYSTEMPATH/CodeIgniter.php(942): App\Controllers\App->appInfo('1')
 7 SYSTEMPATH/CodeIgniter.php(502): CodeIgniter\CodeIgniter->runController(Object(App\Controllers\App))
 8 SYSTEMPATH/CodeIgniter.php(361): CodeIgniter\CodeIgniter->handleRequest(null, Object(Config\Cache), false)
 9 FCPATH/index.php(79): CodeIgniter\CodeIgniter->run()
INFO - 2024-03-28 11:31:27 --> Session: Class initialized using 'CodeIgniter\Session\Handlers\FileHandler' driver.
CRITICAL - 2024-03-28 17:01:27 --> Undefined array key 6
in APPPATH/Views/app/app_info.php on line 457.
 1 APPPATH/Views/app/app_info.php(457): CodeIgniter\Debug\Exceptions->errorHandler(2, 'Undefined array key 6', '/home/syphnosys/public_html/appmaster/app/Views/app/app_info.php', 457)
 2 SYSTEMPATH/View/View.php(228): include('/home/syphnosys/public_html/appmaster/app/Views/app/app_info.php')
 3 SYSTEMPATH/View/View.php(231): CodeIgniter\View\View->CodeIgniter\View\{closure}()
 4 SYSTEMPATH/Common.php(1190): CodeIgniter\View\View->render('app/app_info', [], true)
 5 APPPATH/Controllers/App.php(501): view('app/app_info', [...])
 6 SYSTEMPATH/CodeIgniter.php(942): App\Controllers\App->appInfo('1')
 7 SYSTEMPATH/CodeIgniter.php(502): CodeIgniter\CodeIgniter->runController(Object(App\Controllers\App))
 8 SYSTEMPATH/CodeIgniter.php(361): CodeIgniter\CodeIgniter->handleRequest(null, Object(Config\Cache), false)
 9 FCPATH/index.php(79): CodeIgniter\CodeIgniter->run()
INFO - 2024-03-28 11:32:28 --> Session: Class initialized using 'CodeIgniter\Session\Handlers\FileHandler' driver.
INFO - 2024-03-28 11:32:29 --> Session: Class initialized using 'CodeIgniter\Session\Handlers\FileHandler' driver.
INFO - 2024-03-28 11:32:49 --> Session: Class initialized using 'CodeIgniter\Session\Handlers\FileHandler' driver.
INFO - 2024-03-28 11:32:59 --> Session: Class initialized using 'CodeIgniter\Session\Handlers\FileHandler' driver.
INFO - 2024-03-28 11:33:18 --> Session: Class initialized using 'CodeIgniter\Session\Handlers\FileHandler' driver.
INFO - 2024-03-28 11:33:20 --> Session: Class initialized using 'CodeIgniter\Session\Handlers\FileHandler' driver.
INFO - 2024-03-28 11:33:21 --> Session: Class initialized using 'CodeIgniter\Session\Handlers\FileHandler' driver.
INFO - 2024-03-28 11:33:22 --> Session: Class initialized using 'CodeIgniter\Session\Handlers\FileHandler' driver.
INFO - 2024-03-28 11:33:32 --> Session: Class initialized using 'CodeIgniter\Session\Handlers\FileHandler' driver.
CRITICAL - 2024-03-28 17:03:32 --> Undefined array key 2
in APPPATH/Views/app/app_info.php on line 501.
 1 APPPATH/Views/app/app_info.php(501): CodeIgniter\Debug\Exceptions->errorHandler(2, 'Undefined array key 2', '/home/syphnosys/public_html/appmaster/app/Views/app/app_info.php', 501)
 2 SYSTEMPATH/View/View.php(228): include('/home/syphnosys/public_html/appmaster/app/Views/app/app_info.php')
 3 SYSTEMPATH/View/View.php(231): CodeIgniter\View\View->CodeIgniter\View\{closure}()
 4 SYSTEMPATH/Common.php(1190): CodeIgniter\View\View->render('app/app_info', [], true)
 5 APPPATH/Controllers/App.php(501): view('app/app_info', [...])
 6 SYSTEMPATH/CodeIgniter.php(942): App\Controllers\App->appInfo('13')
 7 SYSTEMPATH/CodeIgniter.php(502): CodeIgniter\CodeIgniter->runController(Object(App\Controllers\App))
 8 SYSTEMPATH/CodeIgniter.php(361): CodeIgniter\CodeIgniter->handleRequest(null, Object(Config\Cache), false)
 9 FCPATH/index.php(79): CodeIgniter\CodeIgniter->run()
INFO - 2024-03-28 11:33:33 --> Session: Class initialized using 'CodeIgniter\Session\Handlers\FileHandler' driver.
INFO - 2024-03-28 11:33:35 --> Session: Class initialized using 'CodeIgniter\Session\Handlers\FileHandler' driver.
INFO - 2024-03-28 11:33:41 --> Session: Class initialized using 'CodeIgniter\Session\Handlers\FileHandler' driver.
INFO - 2024-03-28 11:33:48 --> Session: Class initialized using 'CodeIgniter\Session\Handlers\FileHandler' driver.
INFO - 2024-03-28 11:33:49 --> Session: Class initialized using 'CodeIgniter\Session\Handlers\FileHandler' driver.
INFO - 2024-03-28 11:34:08 --> Session: Class initialized using 'CodeIgniter\Session\Handlers\FileHandler' driver.
INFO - 2024-03-28 11:34:14 --> Session: Class initialized using 'CodeIgniter\Session\Handlers\FileHandler' driver.
CRITICAL - 2024-03-28 17:04:14 --> Undefined array key 2
in APPPATH/Views/app/app_info.php on line 424.
 1 APPPATH/Views/app/app_info.php(424): CodeIgniter\Debug\Exceptions->errorHandler(2, 'Undefined array key 2', '/home/syphnosys/public_html/appmaster/app/Views/app/app_info.php', 424)
 2 SYSTEMPATH/View/View.php(228): include('/home/syphnosys/public_html/appmaster/app/Views/app/app_info.php')
 3 SYSTEMPATH/View/View.php(231): CodeIgniter\View\View->CodeIgniter\View\{closure}()
 4 SYSTEMPATH/Common.php(1190): CodeIgniter\View\View->render('app/app_info', [], true)
 5 APPPATH/Controllers/App.php(501): view('app/app_info', [...])
 6 SYSTEMPATH/CodeIgniter.php(942): App\Controllers\App->appInfo('1')
 7 SYSTEMPATH/CodeIgniter.php(502): CodeIgniter\CodeIgniter->runController(Object(App\Controllers\App))
 8 SYSTEMPATH/CodeIgniter.php(361): CodeIgniter\CodeIgniter->handleRequest(null, Object(Config\Cache), false)
 9 FCPATH/index.php(79): CodeIgniter\CodeIgniter->run()
INFO - 2024-03-28 11:34:21 --> Session: Class initialized using 'CodeIgniter\Session\Handlers\FileHandler' driver.
INFO - 2024-03-28 11:34:44 --> Session: Class initialized using 'CodeIgniter\Session\Handlers\FileHandler' driver.
INFO - 2024-03-28 11:34:47 --> Session: Class initialized using 'CodeIgniter\Session\Handlers\FileHandler' driver.
CRITICAL - 2024-03-28 17:04:47 --> Undefined array key 2
in APPPATH/Views/app/app_info.php on line 424.
 1 APPPATH/Views/app/app_info.php(424): CodeIgniter\Debug\Exceptions->errorHandler(2, 'Undefined array key 2', '/home/syphnosys/public_html/appmaster/app/Views/app/app_info.php', 424)
 2 SYSTEMPATH/View/View.php(228): include('/home/syphnosys/public_html/appmaster/app/Views/app/app_info.php')
 3 SYSTEMPATH/View/View.php(231): CodeIgniter\View\View->CodeIgniter\View\{closure}()
 4 SYSTEMPATH/Common.php(1190): CodeIgniter\View\View->render('app/app_info', [], true)
 5 APPPATH/Controllers/App.php(501): view('app/app_info', [...])
 6 SYSTEMPATH/CodeIgniter.php(942): App\Controllers\App->appInfo('13')
 7 SYSTEMPATH/CodeIgniter.php(502): CodeIgniter\CodeIgniter->runController(Object(App\Controllers\App))
 8 SYSTEMPATH/CodeIgniter.php(361): CodeIgniter\CodeIgniter->handleRequest(null, Object(Config\Cache), false)
 9 FCPATH/index.php(79): CodeIgniter\CodeIgniter->run()
INFO - 2024-03-28 11:34:52 --> Session: Class initialized using 'CodeIgniter\Session\Handlers\FileHandler' driver.
CRITICAL - 2024-03-28 17:04:52 --> Undefined array key 2
in APPPATH/Views/app/app_info.php on line 424.
 1 APPPATH/Views/app/app_info.php(424): CodeIgniter\Debug\Exceptions->errorHandler(2, 'Undefined array key 2', '/home/syphnosys/public_html/appmaster/app/Views/app/app_info.php', 424)
 2 SYSTEMPATH/View/View.php(228): include('/home/syphnosys/public_html/appmaster/app/Views/app/app_info.php')
 3 SYSTEMPATH/View/View.php(231): CodeIgniter\View\View->CodeIgniter\View\{closure}()
 4 SYSTEMPATH/Common.php(1190): CodeIgniter\View\View->render('app/app_info', [], true)
 5 APPPATH/Controllers/App.php(501): view('app/app_info', [...])
 6 SYSTEMPATH/CodeIgniter.php(942): App\Controllers\App->appInfo('13')
 7 SYSTEMPATH/CodeIgniter.php(502): CodeIgniter\CodeIgniter->runController(Object(App\Controllers\App))
 8 SYSTEMPATH/CodeIgniter.php(361): CodeIgniter\CodeIgniter->handleRequest(null, Object(Config\Cache), false)
 9 FCPATH/index.php(79): CodeIgniter\CodeIgniter->run()
INFO - 2024-03-28 11:35:11 --> Session: Class initialized using 'CodeIgniter\Session\Handlers\FileHandler' driver.
CRITICAL - 2024-03-28 17:05:11 --> Undefined array key 3
in APPPATH/Views/app/app_info.php on line 437.
 1 APPPATH/Views/app/app_info.php(437): CodeIgniter\Debug\Exceptions->errorHandler(2, 'Undefined array key 3', '/home/syphnosys/public_html/appmaster/app/Views/app/app_info.php', 437)
 2 SYSTEMPATH/View/View.php(228): include('/home/syphnosys/public_html/appmaster/app/Views/app/app_info.php')
 3 SYSTEMPATH/View/View.php(231): CodeIgniter\View\View->CodeIgniter\View\{closure}()
 4 SYSTEMPATH/Common.php(1190): CodeIgniter\View\View->render('app/app_info', [], true)
 5 APPPATH/Controllers/App.php(501): view('app/app_info', [...])
 6 SYSTEMPATH/CodeIgniter.php(942): App\Controllers\App->appInfo('13')
 7 SYSTEMPATH/CodeIgniter.php(502): CodeIgniter\CodeIgniter->runController(Object(App\Controllers\App))
 8 SYSTEMPATH/CodeIgniter.php(361): CodeIgniter\CodeIgniter->handleRequest(null, Object(Config\Cache), false)
 9 FCPATH/index.php(79): CodeIgniter\CodeIgniter->run()
INFO - 2024-03-28 11:35:53 --> Session: Class initialized using 'CodeIgniter\Session\Handlers\FileHandler' driver.
CRITICAL - 2024-03-28 17:05:53 --> Undefined array key 6
in APPPATH/Views/app/app_info.php on line 454.
 1 APPPATH/Views/app/app_info.php(454): CodeIgniter\Debug\Exceptions->errorHandler(2, 'Undefined array key 6', '/home/syphnosys/public_html/appmaster/app/Views/app/app_info.php', 454)
 2 SYSTEMPATH/View/View.php(228): include('/home/syphnosys/public_html/appmaster/app/Views/app/app_info.php')
 3 SYSTEMPATH/View/View.php(231): CodeIgniter\View\View->CodeIgniter\View\{closure}()
 4 SYSTEMPATH/Common.php(1190): CodeIgniter\View\View->render('app/app_info', [], true)
 5 APPPATH/Controllers/App.php(501): view('app/app_info', [...])
 6 SYSTEMPATH/CodeIgniter.php(942): App\Controllers\App->appInfo('13')
 7 SYSTEMPATH/CodeIgniter.php(502): CodeIgniter\CodeIgniter->runController(Object(App\Controllers\App))
 8 SYSTEMPATH/CodeIgniter.php(361): CodeIgniter\CodeIgniter->handleRequest(null, Object(Config\Cache), false)
 9 FCPATH/index.php(79): CodeIgniter\CodeIgniter->run()
INFO - 2024-03-28 11:35:54 --> Session: Class initialized using 'CodeIgniter\Session\Handlers\FileHandler' driver.
CRITICAL - 2024-03-28 17:05:54 --> Undefined array key 6
in APPPATH/Views/app/app_info.php on line 454.
 1 APPPATH/Views/app/app_info.php(454): CodeIgniter\Debug\Exceptions->errorHandler(2, 'Undefined array key 6', '/home/syphnosys/public_html/appmaster/app/Views/app/app_info.php', 454)
 2 SYSTEMPATH/View/View.php(228): include('/home/syphnosys/public_html/appmaster/app/Views/app/app_info.php')
 3 SYSTEMPATH/View/View.php(231): CodeIgniter\View\View->CodeIgniter\View\{closure}()
 4 SYSTEMPATH/Common.php(1190): CodeIgniter\View\View->render('app/app_info', [], true)
 5 APPPATH/Controllers/App.php(501): view('app/app_info', [...])
 6 SYSTEMPATH/CodeIgniter.php(942): App\Controllers\App->appInfo('13')
 7 SYSTEMPATH/CodeIgniter.php(502): CodeIgniter\CodeIgniter->runController(Object(App\Controllers\App))
 8 SYSTEMPATH/CodeIgniter.php(361): CodeIgniter\CodeIgniter->handleRequest(null, Object(Config\Cache), false)
 9 FCPATH/index.php(79): CodeIgniter\CodeIgniter->run()
INFO - 2024-03-28 11:37:39 --> Session: Class initialized using 'CodeIgniter\Session\Handlers\FileHandler' driver.
CRITICAL - 2024-03-28 17:07:39 --> Undefined array key 2
in APPPATH/Views/app/app_info.php on line 489.
 1 APPPATH/Views/app/app_info.php(489): CodeIgniter\Debug\Exceptions->errorHandler(2, 'Undefined array key 2', '/home/syphnosys/public_html/appmaster/app/Views/app/app_info.php', 489)
 2 SYSTEMPATH/View/View.php(228): include('/home/syphnosys/public_html/appmaster/app/Views/app/app_info.php')
 3 SYSTEMPATH/View/View.php(231): CodeIgniter\View\View->CodeIgniter\View\{closure}()
 4 SYSTEMPATH/Common.php(1190): CodeIgniter\View\View->render('app/app_info', [], true)
 5 APPPATH/Controllers/App.php(501): view('app/app_info', [...])
 6 SYSTEMPATH/CodeIgniter.php(942): App\Controllers\App->appInfo('13')
 7 SYSTEMPATH/CodeIgniter.php(502): CodeIgniter\CodeIgniter->runController(Object(App\Controllers\App))
 8 SYSTEMPATH/CodeIgniter.php(361): CodeIgniter\CodeIgniter->handleRequest(null, Object(Config\Cache), false)
 9 FCPATH/index.php(79): CodeIgniter\CodeIgniter->run()
INFO - 2024-03-28 11:37:40 --> Session: Class initialized using 'CodeIgniter\Session\Handlers\FileHandler' driver.
CRITICAL - 2024-03-28 17:07:40 --> Undefined array key 2
in APPPATH/Views/app/app_info.php on line 489.
 1 APPPATH/Views/app/app_info.php(489): CodeIgniter\Debug\Exceptions->errorHandler(2, 'Undefined array key 2', '/home/syphnosys/public_html/appmaster/app/Views/app/app_info.php', 489)
 2 SYSTEMPATH/View/View.php(228): include('/home/syphnosys/public_html/appmaster/app/Views/app/app_info.php')
 3 SYSTEMPATH/View/View.php(231): CodeIgniter\View\View->CodeIgniter\View\{closure}()
 4 SYSTEMPATH/Common.php(1190): CodeIgniter\View\View->render('app/app_info', [], true)
 5 APPPATH/Controllers/App.php(501): view('app/app_info', [...])
 6 SYSTEMPATH/CodeIgniter.php(942): App\Controllers\App->appInfo('13')
 7 SYSTEMPATH/CodeIgniter.php(502): CodeIgniter\CodeIgniter->runController(Object(App\Controllers\App))
 8 SYSTEMPATH/CodeIgniter.php(361): CodeIgniter\CodeIgniter->handleRequest(null, Object(Config\Cache), false)
 9 FCPATH/index.php(79): CodeIgniter\CodeIgniter->run()
INFO - 2024-03-28 11:39:25 --> Session: Class initialized using 'CodeIgniter\Session\Handlers\FileHandler' driver.
CRITICAL - 2024-03-28 17:09:25 --> Undefined array key 6
in APPPATH/Views/app/app_info.php on line 519.
 1 APPPATH/Views/app/app_info.php(519): CodeIgniter\Debug\Exceptions->errorHandler(2, 'Undefined array key 6', '/home/syphnosys/public_html/appmaster/app/Views/app/app_info.php', 519)
 2 SYSTEMPATH/View/View.php(228): include('/home/syphnosys/public_html/appmaster/app/Views/app/app_info.php')
 3 SYSTEMPATH/View/View.php(231): CodeIgniter\View\View->CodeIgniter\View\{closure}()
 4 SYSTEMPATH/Common.php(1190): CodeIgniter\View\View->render('app/app_info', [], true)
 5 APPPATH/Controllers/App.php(501): view('app/app_info', [...])
 6 SYSTEMPATH/CodeIgniter.php(942): App\Controllers\App->appInfo('13')
 7 SYSTEMPATH/CodeIgniter.php(502): CodeIgniter\CodeIgniter->runController(Object(App\Controllers\App))
 8 SYSTEMPATH/CodeIgniter.php(361): CodeIgniter\CodeIgniter->handleRequest(null, Object(Config\Cache), false)
 9 FCPATH/index.php(79): CodeIgniter\CodeIgniter->run()
INFO - 2024-03-28 11:43:29 --> Session: Class initialized using 'CodeIgniter\Session\Handlers\FileHandler' driver.
INFO - 2024-03-28 11:46:33 --> Session: Class initialized using 'CodeIgniter\Session\Handlers\FileHandler' driver.
INFO - 2024-03-28 11:46:39 --> Session: Class initialized using 'CodeIgniter\Session\Handlers\FileHandler' driver.
INFO - 2024-03-28 11:46:40 --> Session: Class initialized using 'CodeIgniter\Session\Handlers\FileHandler' driver.
CRITICAL - 2024-03-28 17:16:40 --> Undefined array key 7
in APPPATH/Views/app/app_info.php on line 544.
 1 APPPATH/Views/app/app_info.php(544): CodeIgniter\Debug\Exceptions->errorHandler(2, 'Undefined array key 7', '/home/syphnosys/public_html/appmaster/app/Views/app/app_info.php', 544)
 2 SYSTEMPATH/View/View.php(228): include('/home/syphnosys/public_html/appmaster/app/Views/app/app_info.php')
 3 SYSTEMPATH/View/View.php(231): CodeIgniter\View\View->CodeIgniter\View\{closure}()
 4 SYSTEMPATH/Common.php(1190): CodeIgniter\View\View->render('app/app_info', [], true)
 5 APPPATH/Controllers/App.php(501): view('app/app_info', [...])
 6 SYSTEMPATH/CodeIgniter.php(942): App\Controllers\App->appInfo('13')
 7 SYSTEMPATH/CodeIgniter.php(502): CodeIgniter\CodeIgniter->runController(Object(App\Controllers\App))
 8 SYSTEMPATH/CodeIgniter.php(361): CodeIgniter\CodeIgniter->handleRequest(null, Object(Config\Cache), false)
 9 FCPATH/index.php(79): CodeIgniter\CodeIgniter->run()
INFO - 2024-03-28 11:54:24 --> Session: Class initialized using 'CodeIgniter\Session\Handlers\FileHandler' driver.
CRITICAL - 2024-03-28 17:24:24 --> Undefined array key 2
in APPPATH/Views/app/app_info.php on line 619.
 1 APPPATH/Views/app/app_info.php(619): CodeIgniter\Debug\Exceptions->errorHandler(2, 'Undefined array key 2', '/home/syphnosys/public_html/appmaster/app/Views/app/app_info.php', 619)
 2 SYSTEMPATH/View/View.php(228): include('/home/syphnosys/public_html/appmaster/app/Views/app/app_info.php')
 3 SYSTEMPATH/View/View.php(231): CodeIgniter\View\View->CodeIgniter\View\{closure}()
 4 SYSTEMPATH/Common.php(1190): CodeIgniter\View\View->render('app/app_info', [], true)
 5 APPPATH/Controllers/App.php(501): view('app/app_info', [...])
 6 SYSTEMPATH/CodeIgniter.php(942): App\Controllers\App->appInfo('13')
 7 SYSTEMPATH/CodeIgniter.php(502): CodeIgniter\CodeIgniter->runController(Object(App\Controllers\App))
 8 SYSTEMPATH/CodeIgniter.php(361): CodeIgniter\CodeIgniter->handleRequest(null, Object(Config\Cache), false)
 9 FCPATH/index.php(79): CodeIgniter\CodeIgniter->run()
INFO - 2024-03-28 11:54:25 --> Session: Class initialized using 'CodeIgniter\Session\Handlers\FileHandler' driver.
CRITICAL - 2024-03-28 17:24:25 --> Undefined array key 2
in APPPATH/Views/app/app_info.php on line 619.
 1 APPPATH/Views/app/app_info.php(619): CodeIgniter\Debug\Exceptions->errorHandler(2, 'Undefined array key 2', '/home/syphnosys/public_html/appmaster/app/Views/app/app_info.php', 619)
 2 SYSTEMPATH/View/View.php(228): include('/home/syphnosys/public_html/appmaster/app/Views/app/app_info.php')
 3 SYSTEMPATH/View/View.php(231): CodeIgniter\View\View->CodeIgniter\View\{closure}()
 4 SYSTEMPATH/Common.php(1190): CodeIgniter\View\View->render('app/app_info', [], true)
 5 APPPATH/Controllers/App.php(501): view('app/app_info', [...])
 6 SYSTEMPATH/CodeIgniter.php(942): App\Controllers\App->appInfo('13')
 7 SYSTEMPATH/CodeIgniter.php(502): CodeIgniter\CodeIgniter->runController(Object(App\Controllers\App))
 8 SYSTEMPATH/CodeIgniter.php(361): CodeIgniter\CodeIgniter->handleRequest(null, Object(Config\Cache), false)
 9 FCPATH/index.php(79): CodeIgniter\CodeIgniter->run()
INFO - 2024-03-28 12:27:10 --> Session: Class initialized using 'CodeIgniter\Session\Handlers\FileHandler' driver.
INFO - 2024-03-28 12:27:48 --> Session: Class initialized using 'CodeIgniter\Session\Handlers\FileHandler' driver.
INFO - 2024-03-28 12:27:50 --> Session: Class initialized using 'CodeIgniter\Session\Handlers\FileHandler' driver.
INFO - 2024-03-28 12:27:54 --> Session: Class initialized using 'CodeIgniter\Session\Handlers\FileHandler' driver.
INFO - 2024-03-28 12:29:31 --> Session: Class initialized using 'CodeIgniter\Session\Handlers\FileHandler' driver.
INFO - 2024-03-28 12:29:45 --> Session: Class initialized using 'CodeIgniter\Session\Handlers\FileHandler' driver.
INFO - 2024-03-28 12:29:47 --> Session: Class initialized using 'CodeIgniter\Session\Handlers\FileHandler' driver.
INFO - 2024-03-28 12:29:47 --> Session: Class initialized using 'CodeIgniter\Session\Handlers\FileHandler' driver.
